2025-07-06 10:29:49,256 - DEBUG - 保留教育经历: 北京大学 - 计算机科学
2025-07-06 10:29:49,256 - DEBUG - 删除重复教育经历: 北京大学 - 计算机科学
2025-07-06 10:29:49,256 - DEBUG - 保留教育经历: 清华大学 - 软件工程
2025-07-06 10:29:49,257 - DEBUG - 教育经历: 3 -> 2
2025-07-06 10:29:49,257 - DEBUG - 更新时间标签: 2022.07 - 至今 (2年 10个月) -> 2022.07 - 2025.05 (2年 10个月)
2025-07-06 10:29:49,257 - DEBUG - 工作经历 1: 2022.07 - 至今 (2年 10个月) -> 2022.07 - 2025.05 (2年 10个月)
2025-07-06 10:29:49,257 - DEBUG - 更新时间标签: 2022.07 - 至今 (2年 10个月) -> 2022.07 - 2025.05 (2年 10个月)
2025-07-06 10:29:49,258 - DEBUG - 工作经历 2: 2022.07 - 至今 (2年 10个月) -> 2022.07 - 2025.05 (2年 10个月)
2025-07-06 10:29:49,258 - DEBUG - 保留工作经历: 腾讯科技 - 软件工程师 - 2022.07 - 2025.05 (2年 10个月)
2025-07-06 10:29:49,258 - DEBUG - 删除重复工作经历: 腾讯科技 - 软件工程师 - 2022.07 - 2025.05 (2年 10个月)
2025-07-06 10:29:49,258 - DEBUG - 保留工作经历: 阿里巴巴 - 前端工程师 - 2020.06 - 2022.06
2025-07-06 10:29:49,258 - DEBUG - 工作经历: 3 -> 2
2025-07-06 10:29:49,258 - DEBUG - 更新时间标签: 2023.01 - 至今 (1年 4个月) -> 2023.01 - 2025.05 (2年 4个月)
2025-07-06 10:29:49,258 - DEBUG - 项目经历 1: 2023.01 - 至今 (1年 4个月) -> 2023.01 - 2025.05 (2年 4个月)
2025-07-06 10:29:49,259 - DEBUG - 更新时间标签: 2023.01 - 至今 (1年 4个月) -> 2023.01 - 2025.05 (2年 4个月)
2025-07-06 10:29:49,259 - DEBUG - 项目经历 2: 2023.01 - 至今 (1年 4个月) -> 2023.01 - 2025.05 (2年 4个月)
2025-07-06 10:29:49,259 - DEBUG - 保留项目经历: 电商平台开发 - 2023.01 - 2025.05 (2年 4个月)
2025-07-06 10:29:49,259 - DEBUG - 删除重复项目经历: 电商平台开发项目 - 2023.01 - 2025.05 (2年 4个月)
2025-07-06 10:29:49,259 - DEBUG - 保留项目经历: 移动应用开发 - 2022.03 - 2022.12
2025-07-06 10:29:49,259 - DEBUG - 项目经历: 3 -> 2
2025-07-06 10:29:49,259 - DEBUG - 处理证书: 软件设计师
2025-07-06 10:29:49,259 - DEBUG - 处理证书: 系统分析师
2025-07-06 10:29:49,259 - DEBUG - 处理证书: 项目管理师
2025-07-06 10:29:49,259 - DEBUG - 处理证书: 英语四级
2025-07-06 10:29:49,260 - DEBUG - 处理证书: 英语六级
2025-07-06 10:29:49,260 - DEBUG - 证书: 2 -> 5
