2025-07-03 20:02:53,136 - INFO - 开始JobSummary处理器测试
2025-07-03 20:02:53,137 - INFO - ==================================================
2025-07-03 20:02:53,137 - INFO - 1. 运行单元测试
2025-07-03 20:02:53,146 - INFO - 批量更新 2 条记录成功
2025-07-03 20:02:53,148 - INFO - 查询到 2 条需要处理的记录
2025-07-03 20:02:53,149 - ERROR - 处理记录 1 时出错: 'NoneType' object does not support item assignment
2025-07-03 20:02:53,149 - ERROR - 处理记录 1 时出错: Expecting value: line 1 column 1 (char 0)
2025-07-03 20:02:53,150 - INFO - 
==================================================
2025-07-03 20:02:53,151 - INFO - 2. 运行真实数据测试
2025-07-03 20:02:53,151 - INFO - 开始真实数据处理测试
2025-07-03 20:02:53,151 - INFO - 测试获取待处理数据...
2025-07-03 20:02:53,937 - INFO - 查询到 2500 条需要处理的记录
2025-07-03 20:02:53,939 - INFO - 获取到 2500 条待处理数据
2025-07-03 20:02:53,939 - INFO - 测试处理单条记录...
2025-07-03 20:02:53,940 - INFO - 单条记录处理成功: ID=10842
2025-07-03 20:02:53,940 - INFO - 更新后的jobSummary长度: 116
2025-07-03 20:02:53,940 - INFO - 真实数据处理测试完成
2025-07-03 20:02:53,942 - INFO - 
==================================================
2025-07-03 20:02:53,942 - INFO - 3. 运行性能对比测试
2025-07-03 20:02:53,942 - INFO - 开始性能对比测试
2025-07-03 20:02:53,942 - INFO - 配置信息:
2025-07-03 20:02:53,943 - INFO -   批次大小: 10
2025-07-03 20:02:53,943 - INFO -   最大线程数: 4
2025-07-03 20:02:53,943 - INFO -   训练类型: 3
2025-07-03 20:02:53,943 - INFO -   表名: zhilian_job
2025-07-03 20:02:54,446 - INFO - 查询到 2500 条需要处理的记录
2025-07-03 20:02:54,447 - INFO - 待处理数据量: 2500 条
2025-07-03 20:02:54,448 - WARNING - 注意：性能测试将实际修改数据库数据
2025-07-03 20:02:54,448 - WARNING - 如需执行，请取消注释下面的代码
2025-07-03 20:02:54,450 - INFO - 
==================================================
2025-07-03 20:02:54,450 - INFO - 所有测试完成！
2025-07-03 20:03:10,530 - INFO - 智联招聘jobSummary多线程处理器使用示例
2025-07-03 20:03:10,531 - INFO - ============================================================
2025-07-03 20:03:10,531 - INFO - 
开始运行: 基本使用
2025-07-03 20:03:10,531 - INFO - === 基本使用示例 ===
2025-07-03 20:03:10,531 - INFO - 开始处理智联招聘数据...
2025-07-03 20:03:10,531 - INFO - 开始多线程处理，配置: 批次大小=50, 最大线程数=6
2025-07-03 20:03:11,038 - INFO - 查询到 2500 条需要处理的记录
2025-07-03 20:03:11,039 - INFO - 处理第 1 批，共 50 条记录
2025-07-03 20:03:11,339 - INFO - 批量更新 50 条记录成功
2025-07-03 20:03:11,339 - INFO - 处理第 2 批，共 50 条记录
2025-07-03 20:03:11,345 - INFO - 已处理 100 条记录
2025-07-03 20:03:11,636 - INFO - 批量更新 50 条记录成功
2025-07-03 20:03:11,637 - INFO - 处理第 3 批，共 50 条记录
2025-07-03 20:03:11,937 - INFO - 批量更新 50 条记录成功
2025-07-03 20:03:11,939 - INFO - 处理第 4 批，共 50 条记录
2025-07-03 20:03:11,943 - INFO - 已处理 200 条记录
2025-07-03 20:03:12,279 - INFO - 批量更新 50 条记录成功
2025-07-03 20:03:12,280 - INFO - 处理第 5 批，共 50 条记录
2025-07-03 20:03:12,603 - INFO - 批量更新 50 条记录成功
2025-07-03 20:03:12,604 - INFO - 处理第 6 批，共 50 条记录
2025-07-03 20:03:12,609 - INFO - 已处理 300 条记录
2025-07-03 20:03:12,915 - INFO - 批量更新 50 条记录成功
2025-07-03 20:03:12,915 - INFO - 处理第 7 批，共 50 条记录
2025-07-03 20:03:13,237 - INFO - 批量更新 50 条记录成功
2025-07-03 20:03:13,238 - INFO - 处理第 8 批，共 50 条记录
2025-07-03 20:03:13,244 - INFO - 已处理 400 条记录
2025-07-03 20:03:13,649 - INFO - 批量更新 50 条记录成功
2025-07-03 20:03:13,650 - INFO - 处理第 9 批，共 50 条记录
2025-07-03 20:03:13,966 - INFO - 批量更新 50 条记录成功
2025-07-03 20:03:13,966 - INFO - 处理第 10 批，共 50 条记录
2025-07-03 20:03:13,970 - INFO - 已处理 500 条记录
2025-07-03 20:03:14,288 - INFO - 批量更新 50 条记录成功
2025-07-03 20:03:14,289 - INFO - 处理第 11 批，共 50 条记录
2025-07-03 20:03:14,588 - INFO - 批量更新 50 条记录成功
2025-07-03 20:03:14,588 - INFO - 处理第 12 批，共 50 条记录
2025-07-03 20:03:14,593 - INFO - 已处理 600 条记录
2025-07-03 20:03:14,906 - INFO - 批量更新 50 条记录成功
2025-07-03 20:03:14,907 - INFO - 处理第 13 批，共 50 条记录
2025-07-03 20:03:15,233 - INFO - 批量更新 50 条记录成功
2025-07-03 20:03:15,234 - INFO - 处理第 14 批，共 50 条记录
2025-07-03 20:03:15,239 - INFO - 已处理 700 条记录
2025-07-03 20:03:15,563 - INFO - 批量更新 50 条记录成功
2025-07-03 20:03:15,564 - INFO - 处理第 15 批，共 50 条记录
2025-07-03 20:03:15,888 - INFO - 批量更新 50 条记录成功
2025-07-03 20:03:15,889 - INFO - 处理第 16 批，共 50 条记录
2025-07-03 20:03:15,892 - INFO - 已处理 800 条记录
2025-07-03 20:03:16,188 - INFO - 批量更新 50 条记录成功
2025-07-03 20:03:16,188 - INFO - 处理第 17 批，共 50 条记录
2025-07-03 20:03:16,499 - INFO - 批量更新 50 条记录成功
2025-07-03 20:03:16,500 - INFO - 处理第 18 批，共 50 条记录
2025-07-03 20:03:16,505 - INFO - 已处理 900 条记录
2025-07-03 20:03:16,793 - INFO - 批量更新 50 条记录成功
2025-07-03 20:03:16,793 - INFO - 处理第 19 批，共 50 条记录
2025-07-03 20:03:17,096 - INFO - 批量更新 50 条记录成功
2025-07-03 20:03:17,097 - INFO - 处理第 20 批，共 50 条记录
2025-07-03 20:03:17,103 - INFO - 已处理 1000 条记录
2025-07-03 20:03:17,420 - INFO - 批量更新 50 条记录成功
2025-07-03 20:03:17,421 - INFO - 处理第 21 批，共 50 条记录
2025-07-03 20:03:17,755 - INFO - 批量更新 50 条记录成功
2025-07-03 20:03:17,756 - INFO - 处理第 22 批，共 50 条记录
2025-07-03 20:03:17,760 - INFO - 已处理 1100 条记录
2025-07-03 20:03:18,073 - INFO - 批量更新 50 条记录成功
2025-07-03 20:03:18,074 - INFO - 处理第 23 批，共 50 条记录
2025-07-03 20:03:18,484 - INFO - 批量更新 50 条记录成功
2025-07-03 20:03:18,485 - INFO - 处理第 24 批，共 50 条记录
2025-07-03 20:03:18,490 - INFO - 已处理 1200 条记录
2025-07-03 20:03:18,801 - INFO - 批量更新 50 条记录成功
2025-07-03 20:03:18,802 - INFO - 处理第 25 批，共 50 条记录
2025-07-03 20:03:19,137 - INFO - 批量更新 50 条记录成功
2025-07-03 20:03:19,137 - INFO - 处理第 26 批，共 50 条记录
2025-07-03 20:03:19,141 - INFO - 已处理 1300 条记录
2025-07-03 20:03:19,442 - INFO - 批量更新 50 条记录成功
2025-07-03 20:03:19,444 - INFO - 处理第 27 批，共 50 条记录
2025-07-03 20:03:19,759 - INFO - 批量更新 50 条记录成功
2025-07-03 20:03:19,760 - INFO - 处理第 28 批，共 50 条记录
2025-07-03 20:03:19,767 - INFO - 已处理 1400 条记录
2025-07-03 20:03:20,074 - INFO - 批量更新 50 条记录成功
2025-07-03 20:03:20,074 - INFO - 处理第 29 批，共 50 条记录
2025-07-03 20:03:20,410 - INFO - 批量更新 50 条记录成功
2025-07-03 20:03:20,410 - INFO - 处理第 30 批，共 50 条记录
2025-07-03 20:03:20,414 - INFO - 已处理 1500 条记录
2025-07-03 20:03:20,720 - INFO - 批量更新 50 条记录成功
2025-07-03 20:03:20,720 - INFO - 处理第 31 批，共 50 条记录
2025-07-03 20:03:21,033 - INFO - 批量更新 50 条记录成功
2025-07-03 20:03:21,033 - INFO - 处理第 32 批，共 50 条记录
2025-07-03 20:03:21,040 - INFO - 已处理 1600 条记录
2025-07-03 20:03:21,348 - INFO - 批量更新 50 条记录成功
2025-07-03 20:03:21,348 - INFO - 处理第 33 批，共 50 条记录
2025-07-03 20:03:21,668 - INFO - 批量更新 50 条记录成功
2025-07-03 20:03:21,669 - INFO - 处理第 34 批，共 50 条记录
2025-07-03 20:03:21,674 - INFO - 已处理 1700 条记录
2025-07-03 20:03:21,973 - INFO - 批量更新 50 条记录成功
2025-07-03 20:03:21,973 - INFO - 处理第 35 批，共 50 条记录
2025-07-03 20:03:22,287 - INFO - 批量更新 50 条记录成功
2025-07-03 20:03:22,288 - INFO - 处理第 36 批，共 50 条记录
2025-07-03 20:03:22,292 - INFO - 已处理 1800 条记录
2025-07-03 20:03:22,638 - INFO - 批量更新 50 条记录成功
2025-07-03 20:03:22,638 - INFO - 处理第 37 批，共 50 条记录
2025-07-03 20:03:22,959 - INFO - 批量更新 50 条记录成功
2025-07-03 20:03:22,960 - INFO - 处理第 38 批，共 50 条记录
2025-07-03 20:03:22,965 - INFO - 已处理 1900 条记录
2025-07-03 20:03:23,282 - INFO - 批量更新 50 条记录成功
2025-07-03 20:03:23,283 - INFO - 处理第 39 批，共 50 条记录
2025-07-03 20:03:23,653 - INFO - 批量更新 50 条记录成功
2025-07-03 20:03:23,655 - INFO - 处理第 40 批，共 50 条记录
2025-07-03 20:03:23,659 - INFO - 已处理 2000 条记录
2025-07-03 20:03:23,960 - INFO - 批量更新 50 条记录成功
2025-07-03 20:03:23,960 - INFO - 处理第 41 批，共 50 条记录
2025-07-03 20:03:24,292 - INFO - 批量更新 50 条记录成功
2025-07-03 20:03:24,292 - INFO - 处理第 42 批，共 50 条记录
2025-07-03 20:03:24,297 - INFO - 已处理 2100 条记录
2025-07-03 20:03:24,600 - INFO - 批量更新 50 条记录成功
2025-07-03 20:03:24,600 - INFO - 处理第 43 批，共 50 条记录
2025-07-03 20:03:24,904 - INFO - 批量更新 50 条记录成功
2025-07-03 20:03:24,906 - INFO - 处理第 44 批，共 50 条记录
2025-07-03 20:03:24,910 - INFO - 已处理 2200 条记录
2025-07-03 20:03:25,205 - INFO - 批量更新 50 条记录成功
2025-07-03 20:03:25,207 - INFO - 处理第 45 批，共 50 条记录
2025-07-03 20:03:25,545 - INFO - 批量更新 50 条记录成功
2025-07-03 20:03:25,545 - INFO - 处理第 46 批，共 50 条记录
2025-07-03 20:03:25,550 - INFO - 已处理 2300 条记录
2025-07-03 20:03:25,856 - INFO - 批量更新 50 条记录成功
2025-07-03 20:03:25,857 - INFO - 处理第 47 批，共 50 条记录
2025-07-03 20:03:26,190 - INFO - 批量更新 50 条记录成功
2025-07-03 20:03:26,190 - INFO - 处理第 48 批，共 50 条记录
2025-07-03 20:03:26,195 - INFO - 已处理 2400 条记录
2025-07-03 20:03:26,499 - INFO - 批量更新 50 条记录成功
2025-07-03 20:03:26,500 - INFO - 处理第 49 批，共 50 条记录
2025-07-03 20:03:26,805 - INFO - 批量更新 50 条记录成功
2025-07-03 20:03:26,807 - INFO - 处理第 50 批，共 50 条记录
2025-07-03 20:03:26,810 - INFO - 已处理 2500 条记录
2025-07-03 20:03:27,133 - INFO - 批量更新 50 条记录成功
2025-07-03 20:03:27,133 - INFO - 处理完成！统计信息: {'total': 2500, 'processed': 2500, 'updated': 2500, 'errors': 0, 'duration_seconds': 16.602357}
2025-07-03 20:03:27,137 - INFO - 处理完成！
2025-07-03 20:03:27,137 - INFO - 总记录数: 2500
2025-07-03 20:03:27,137 - INFO - 成功处理: 2500
2025-07-03 20:03:27,137 - INFO - 成功更新: 2500
2025-07-03 20:03:27,138 - INFO - 错误数量: 0
2025-07-03 20:03:27,138 - INFO - 处理耗时: 16.60 秒
2025-07-03 20:03:27,138 - INFO - 基本使用 示例完成
2025-07-03 20:03:27,138 - INFO - ----------------------------------------
2025-07-03 20:03:27,138 - INFO - 
开始运行: 自定义配置
2025-07-03 20:03:27,140 - INFO - === 自定义配置示例 ===
2025-07-03 20:03:27,140 - INFO - 使用高性能配置处理数据...
2025-07-03 20:03:27,140 - INFO - 开始多线程处理，配置: 批次大小=100, 最大线程数=12
2025-07-03 20:03:27,725 - INFO - 查询到 2500 条需要处理的记录
2025-07-03 20:03:27,726 - INFO - 处理第 1 批，共 100 条记录
2025-07-03 20:03:27,733 - INFO - 已处理 100 条记录
2025-07-03 20:03:28,292 - INFO - 批量更新 100 条记录成功
2025-07-03 20:03:28,293 - INFO - 处理第 2 批，共 100 条记录
2025-07-03 20:03:28,300 - INFO - 已处理 200 条记录
2025-07-03 20:03:28,824 - INFO - 批量更新 100 条记录成功
2025-07-03 20:03:28,824 - INFO - 处理第 3 批，共 100 条记录
2025-07-03 20:03:28,835 - INFO - 已处理 300 条记录
2025-07-03 20:03:29,362 - INFO - 批量更新 100 条记录成功
2025-07-03 20:03:29,362 - INFO - 处理第 4 批，共 100 条记录
2025-07-03 20:03:29,371 - INFO - 已处理 400 条记录
2025-07-03 20:03:29,928 - INFO - 批量更新 100 条记录成功
2025-07-03 20:03:29,929 - INFO - 处理第 5 批，共 100 条记录
2025-07-03 20:03:29,941 - INFO - 已处理 500 条记录
2025-07-03 20:03:30,526 - INFO - 批量更新 100 条记录成功
2025-07-03 20:03:30,527 - INFO - 处理第 6 批，共 100 条记录
2025-07-03 20:03:30,534 - INFO - 已处理 600 条记录
2025-07-03 20:03:31,092 - INFO - 批量更新 100 条记录成功
2025-07-03 20:03:31,092 - INFO - 处理第 7 批，共 100 条记录
2025-07-03 20:03:31,100 - INFO - 已处理 700 条记录
2025-07-03 20:03:31,641 - INFO - 批量更新 100 条记录成功
2025-07-03 20:03:31,641 - INFO - 处理第 8 批，共 100 条记录
2025-07-03 20:03:31,653 - INFO - 已处理 800 条记录
2025-07-03 20:03:32,220 - INFO - 批量更新 100 条记录成功
2025-07-03 20:03:32,220 - INFO - 处理第 9 批，共 100 条记录
2025-07-03 20:03:32,229 - INFO - 已处理 900 条记录
2025-07-03 20:03:32,803 - INFO - 批量更新 100 条记录成功
2025-07-03 20:03:32,804 - INFO - 处理第 10 批，共 100 条记录
2025-07-03 20:03:32,814 - INFO - 已处理 1000 条记录
2025-07-03 20:03:33,385 - INFO - 批量更新 100 条记录成功
2025-07-03 20:03:33,387 - INFO - 处理第 11 批，共 100 条记录
2025-07-03 20:03:33,397 - INFO - 已处理 1100 条记录
2025-07-03 20:03:34,021 - INFO - 批量更新 100 条记录成功
2025-07-03 20:03:34,022 - INFO - 处理第 12 批，共 100 条记录
2025-07-03 20:03:34,034 - INFO - 已处理 1200 条记录
2025-07-03 20:03:34,568 - INFO - 批量更新 100 条记录成功
2025-07-03 20:03:34,570 - INFO - 处理第 13 批，共 100 条记录
2025-07-03 20:03:34,581 - INFO - 已处理 1300 条记录
2025-07-03 20:03:35,127 - INFO - 批量更新 100 条记录成功
2025-07-03 20:03:35,127 - INFO - 处理第 14 批，共 100 条记录
2025-07-03 20:03:35,138 - INFO - 已处理 1400 条记录
2025-07-03 20:03:35,748 - INFO - 批量更新 100 条记录成功
2025-07-03 20:03:35,748 - INFO - 处理第 15 批，共 100 条记录
2025-07-03 20:03:35,759 - INFO - 已处理 1500 条记录
2025-07-03 20:03:36,299 - INFO - 批量更新 100 条记录成功
2025-07-03 20:03:36,300 - INFO - 处理第 16 批，共 100 条记录
2025-07-03 20:03:36,308 - INFO - 已处理 1600 条记录
2025-07-03 20:03:36,871 - INFO - 批量更新 100 条记录成功
2025-07-03 20:03:36,871 - INFO - 处理第 17 批，共 100 条记录
2025-07-03 20:03:36,880 - INFO - 已处理 1700 条记录
2025-07-03 20:03:37,428 - INFO - 批量更新 100 条记录成功
2025-07-03 20:03:37,429 - INFO - 处理第 18 批，共 100 条记录
2025-07-03 20:03:37,441 - INFO - 已处理 1800 条记录
2025-07-03 20:03:38,021 - INFO - 批量更新 100 条记录成功
2025-07-03 20:03:38,021 - INFO - 处理第 19 批，共 100 条记录
2025-07-03 20:03:38,031 - INFO - 已处理 1900 条记录
2025-07-03 20:03:38,584 - INFO - 批量更新 100 条记录成功
2025-07-03 20:03:38,584 - INFO - 处理第 20 批，共 100 条记录
2025-07-03 20:03:38,596 - INFO - 已处理 2000 条记录
2025-07-03 20:03:39,181 - INFO - 批量更新 100 条记录成功
2025-07-03 20:03:39,181 - INFO - 处理第 21 批，共 100 条记录
2025-07-03 20:03:39,191 - INFO - 已处理 2100 条记录
2025-07-03 20:03:39,754 - INFO - 批量更新 100 条记录成功
2025-07-03 20:03:39,754 - INFO - 处理第 22 批，共 100 条记录
2025-07-03 20:03:39,762 - INFO - 已处理 2200 条记录
2025-07-03 20:03:40,313 - INFO - 批量更新 100 条记录成功
2025-07-03 20:03:40,314 - INFO - 处理第 23 批，共 100 条记录
2025-07-03 20:03:40,324 - INFO - 已处理 2300 条记录
2025-07-03 20:03:40,895 - INFO - 批量更新 100 条记录成功
2025-07-03 20:03:40,895 - INFO - 处理第 24 批，共 100 条记录
2025-07-03 20:03:40,904 - INFO - 已处理 2400 条记录
2025-07-03 20:03:41,489 - INFO - 批量更新 100 条记录成功
2025-07-03 20:03:41,490 - INFO - 处理第 25 批，共 100 条记录
2025-07-03 20:03:41,498 - INFO - 已处理 2500 条记录
2025-07-03 20:03:42,064 - INFO - 批量更新 100 条记录成功
2025-07-03 20:03:42,064 - INFO - 处理完成！统计信息: {'total': 2500, 'processed': 2500, 'updated': 2500, 'errors': 0, 'duration_seconds': 14.924537}
2025-07-03 20:03:42,066 - INFO - 高性能处理完成，耗时: 14.92 秒
2025-07-03 20:03:42,066 - INFO - 自定义配置 示例完成
2025-07-03 20:03:42,068 - INFO - ----------------------------------------
2025-07-03 20:03:42,068 - INFO - 
开始运行: 批次大小优化
2025-07-03 20:03:42,068 - INFO - === 批次大小优化示例 ===
2025-07-03 20:03:42,068 - INFO - 测试批次大小: 20
2025-07-03 20:03:42,626 - INFO - 查询到 2500 条需要处理的记录
2025-07-03 20:03:42,627 - INFO - 批次大小 20: 可处理 2500 条记录
2025-07-03 20:03:42,627 - INFO - 测试批次大小: 50
2025-07-03 20:03:43,183 - INFO - 查询到 2500 条需要处理的记录
2025-07-03 20:03:43,187 - INFO - 批次大小 50: 可处理 2500 条记录
2025-07-03 20:03:43,187 - INFO - 测试批次大小: 100
2025-07-03 20:03:43,730 - INFO - 查询到 2500 条需要处理的记录
2025-07-03 20:03:43,733 - INFO - 批次大小 100: 可处理 2500 条记录
2025-07-03 20:03:43,733 - INFO - 测试批次大小: 200
2025-07-03 20:03:44,208 - INFO - 查询到 2500 条需要处理的记录
2025-07-03 20:03:44,211 - INFO - 批次大小 200: 可处理 2500 条记录
2025-07-03 20:03:44,213 - INFO - 批次大小优化 示例完成
2025-07-03 20:03:44,213 - INFO - ----------------------------------------
2025-07-03 20:03:44,213 - INFO - 
开始运行: 线程数量优化
2025-07-03 20:03:44,213 - INFO - === 线程数量优化示例 ===
2025-07-03 20:03:44,214 - INFO - 测试线程数量: 2
2025-07-03 20:03:44,671 - INFO - 查询到 2500 条需要处理的记录
2025-07-03 20:03:44,672 - INFO - 线程数 2: 可处理 2500 条记录
2025-07-03 20:03:44,672 - INFO - 测试线程数量: 4
2025-07-03 20:03:45,146 - INFO - 查询到 2500 条需要处理的记录
2025-07-03 20:03:45,149 - INFO - 线程数 4: 可处理 2500 条记录
2025-07-03 20:03:45,149 - INFO - 测试线程数量: 6
2025-07-03 20:03:45,669 - INFO - 查询到 2500 条需要处理的记录
2025-07-03 20:03:45,673 - INFO - 线程数 6: 可处理 2500 条记录
2025-07-03 20:03:45,673 - INFO - 测试线程数量: 8
2025-07-03 20:03:46,142 - INFO - 查询到 2500 条需要处理的记录
2025-07-03 20:03:46,146 - INFO - 线程数 8: 可处理 2500 条记录
2025-07-03 20:03:46,146 - INFO - 测试线程数量: 10
2025-07-03 20:03:46,598 - INFO - 查询到 2500 条需要处理的记录
2025-07-03 20:03:46,602 - INFO - 线程数 10: 可处理 2500 条记录
2025-07-03 20:03:46,604 - INFO - 线程数量优化 示例完成
2025-07-03 20:03:46,604 - INFO - ----------------------------------------
2025-07-03 20:03:46,604 - INFO - 
开始运行: 性能对比
2025-07-03 20:03:46,606 - INFO - === 单线程 vs 多线程性能对比 ===
2025-07-03 20:03:47,055 - INFO - 查询到 2500 条需要处理的记录
2025-07-03 20:03:47,057 - INFO - 待处理数据量: 2500 条
2025-07-03 20:03:47,057 - WARNING - 注意：性能对比将实际修改数据库数据
2025-07-03 20:03:47,057 - WARNING - 如需执行，请取消注释下面的代码
2025-07-03 20:03:47,059 - INFO - 性能对比 示例完成
2025-07-03 20:03:47,060 - INFO - ----------------------------------------
2025-07-03 20:03:47,060 - INFO - 
开始运行: 错误处理
2025-07-03 20:03:47,060 - INFO - === 错误处理示例 ===
2025-07-03 20:03:47,060 - INFO - 测试无效数据库配置...
2025-07-03 20:03:49,729 - ERROR - 查询数据时出错: 
2025-07-03 20:03:49,730 - INFO - 预期的数据库连接错误: 
2025-07-03 20:03:49,730 - INFO - 测试无效表名...
2025-07-03 20:03:49,777 - ERROR - 查询数据时出错: relation "non_existent_table" does not exist
LINE 3:                 FROM non_existent_table 
                             ^

2025-07-03 20:03:49,777 - INFO - 预期的表不存在错误: relation "non_existent_table" does not exist
LINE 3:                 FROM non_existent_table 
                             ^

2025-07-03 20:03:49,777 - INFO - 错误处理 示例完成
2025-07-03 20:03:49,777 - INFO - ----------------------------------------
2025-07-03 20:03:49,777 - INFO - 
开始运行: 监控和日志
2025-07-03 20:03:49,778 - INFO - === 监控和日志示例 ===
2025-07-03 20:03:50,270 - INFO - 查询到 2500 条需要处理的记录
2025-07-03 20:03:50,272 - INFO - 处理前统计: 待处理记录 2500 条
2025-07-03 20:03:50,272 - INFO - 开始处理，将显示进度信息...
2025-07-03 20:03:50,274 - INFO - 监控和日志 示例完成
2025-07-03 20:03:50,275 - INFO - ----------------------------------------
2025-07-03 20:03:50,275 - INFO - 
所有示例运行完成！
2025-07-03 20:03:50,275 - INFO - 
使用说明:
2025-07-03 20:03:50,275 - INFO - 1. 基本使用示例展示了最简单的使用方法
2025-07-03 20:03:50,275 - INFO - 2. 自定义配置示例展示了如何调整参数
2025-07-03 20:03:50,275 - INFO - 3. 优化示例帮助找到最佳的批次大小和线程数
2025-07-03 20:03:50,275 - INFO - 4. 性能对比展示了多线程的优势
2025-07-03 20:03:50,276 - INFO - 5. 错误处理示例展示了如何处理异常情况
2025-07-03 20:03:50,276 - INFO - 6. 监控示例展示了如何跟踪处理进度
2025-07-03 20:03:50,276 - INFO - 
注意: 实际运行时请根据需要取消注释相关代码
2025-07-03 20:08:56,321 - INFO - 智联招聘jobSummary处理器
2025-07-03 20:08:56,321 - INFO - ========================================
2025-07-03 20:09:32,322 - INFO - 
初始化处理器...
2025-07-03 20:09:32,323 - INFO - 
预览待处理数据...
2025-07-03 20:09:32,323 - INFO - 正在查询待处理数据...
2025-07-03 20:09:32,957 - INFO - 查询到 2500 条需要处理的记录
2025-07-03 20:09:32,958 - INFO - 查询结果: 共找到 2500 条待处理记录
2025-07-03 20:09:32,958 - INFO - 
前5条记录预览:
2025-07-03 20:09:32,958 - INFO - 记录 1:
2025-07-03 20:09:32,958 - INFO -   ID: 10842
2025-07-03 20:09:32,958 - INFO -   processed_info长度: 796
2025-07-03 20:09:32,958 - INFO -   processed_jobsummary长度: 116
2025-07-03 20:09:32,958 - INFO - 记录 2:
2025-07-03 20:09:32,958 - INFO -   ID: 10855
2025-07-03 20:09:32,958 - INFO -   processed_info长度: 860
2025-07-03 20:09:32,958 - INFO -   processed_jobsummary长度: 189
2025-07-03 20:09:32,958 - INFO - 记录 3:
2025-07-03 20:09:32,958 - INFO -   ID: 10859
2025-07-03 20:09:32,958 - INFO -   processed_info长度: 849
2025-07-03 20:09:32,959 - INFO -   processed_jobsummary长度: 144
2025-07-03 20:09:32,959 - INFO - 记录 4:
2025-07-03 20:09:32,959 - INFO -   ID: 10861
2025-07-03 20:09:32,959 - INFO -   processed_info长度: 863
2025-07-03 20:09:32,959 - INFO -   processed_jobsummary长度: 191
2025-07-03 20:09:32,959 - INFO - 记录 5:
2025-07-03 20:09:32,959 - INFO -   ID: 10862
2025-07-03 20:09:32,959 - INFO -   processed_info长度: 846
2025-07-03 20:09:32,959 - INFO -   processed_jobsummary长度: 180
2025-07-03 20:09:32,959 - INFO - ... 还有 2495 条记录
2025-07-03 20:09:45,839 - INFO - 开始执行数据处理...
2025-07-03 20:09:45,839 - INFO - 开始多线程处理，配置: 批次大小=50, 最大线程数=10
2025-07-03 20:09:46,383 - INFO - 查询到 2500 条需要处理的记录
2025-07-03 20:09:46,385 - INFO - 处理第 1 批，共 50 条记录
2025-07-03 20:09:46,686 - INFO - 批量更新 50 条记录成功
2025-07-03 20:09:46,686 - INFO - 处理第 2 批，共 50 条记录
2025-07-03 20:09:46,691 - INFO - 已处理 100 条记录
2025-07-03 20:09:46,981 - INFO - 批量更新 50 条记录成功
2025-07-03 20:09:46,981 - INFO - 处理第 3 批，共 50 条记录
2025-07-03 20:09:47,284 - INFO - 批量更新 50 条记录成功
2025-07-03 20:09:47,284 - INFO - 处理第 4 批，共 50 条记录
2025-07-03 20:09:47,290 - INFO - 已处理 200 条记录
2025-07-03 20:09:47,577 - INFO - 批量更新 50 条记录成功
2025-07-03 20:09:47,578 - INFO - 处理第 5 批，共 50 条记录
2025-07-03 20:09:47,880 - INFO - 批量更新 50 条记录成功
2025-07-03 20:09:47,880 - INFO - 处理第 6 批，共 50 条记录
2025-07-03 20:09:47,887 - INFO - 已处理 300 条记录
2025-07-03 20:09:48,176 - INFO - 批量更新 50 条记录成功
2025-07-03 20:09:48,177 - INFO - 处理第 7 批，共 50 条记录
2025-07-03 20:09:48,494 - INFO - 批量更新 50 条记录成功
2025-07-03 20:09:48,495 - INFO - 处理第 8 批，共 50 条记录
2025-07-03 20:09:48,509 - INFO - 已处理 400 条记录
2025-07-03 20:09:48,811 - INFO - 批量更新 50 条记录成功
2025-07-03 20:09:48,811 - INFO - 处理第 9 批，共 50 条记录
2025-07-03 20:09:49,105 - INFO - 批量更新 50 条记录成功
2025-07-03 20:09:49,105 - INFO - 处理第 10 批，共 50 条记录
2025-07-03 20:09:49,113 - INFO - 已处理 500 条记录
2025-07-03 20:09:49,423 - INFO - 批量更新 50 条记录成功
2025-07-03 20:09:49,424 - INFO - 处理第 11 批，共 50 条记录
2025-07-03 20:09:49,758 - INFO - 批量更新 50 条记录成功
2025-07-03 20:09:49,760 - INFO - 处理第 12 批，共 50 条记录
2025-07-03 20:09:49,766 - INFO - 已处理 600 条记录
2025-07-03 20:09:50,120 - INFO - 批量更新 50 条记录成功
2025-07-03 20:09:50,121 - INFO - 处理第 13 批，共 50 条记录
2025-07-03 20:09:50,461 - INFO - 批量更新 50 条记录成功
2025-07-03 20:09:50,461 - INFO - 处理第 14 批，共 50 条记录
2025-07-03 20:09:50,466 - INFO - 已处理 700 条记录
2025-07-03 20:09:50,773 - INFO - 批量更新 50 条记录成功
2025-07-03 20:09:50,773 - INFO - 处理第 15 批，共 50 条记录
2025-07-03 20:09:51,075 - INFO - 批量更新 50 条记录成功
2025-07-03 20:09:51,076 - INFO - 处理第 16 批，共 50 条记录
2025-07-03 20:09:51,082 - INFO - 已处理 800 条记录
2025-07-03 20:09:51,405 - INFO - 批量更新 50 条记录成功
2025-07-03 20:09:51,405 - INFO - 处理第 17 批，共 50 条记录
2025-07-03 20:09:51,689 - INFO - 批量更新 50 条记录成功
2025-07-03 20:09:51,690 - INFO - 处理第 18 批，共 50 条记录
2025-07-03 20:09:51,697 - INFO - 已处理 900 条记录
2025-07-03 20:09:52,010 - INFO - 批量更新 50 条记录成功
2025-07-03 20:09:52,010 - INFO - 处理第 19 批，共 50 条记录
2025-07-03 20:09:52,316 - INFO - 批量更新 50 条记录成功
2025-07-03 20:09:52,317 - INFO - 处理第 20 批，共 50 条记录
2025-07-03 20:09:52,324 - INFO - 已处理 1000 条记录
2025-07-03 20:09:52,635 - INFO - 批量更新 50 条记录成功
2025-07-03 20:09:52,635 - INFO - 处理第 21 批，共 50 条记录
2025-07-03 20:09:52,961 - INFO - 批量更新 50 条记录成功
2025-07-03 20:09:52,961 - INFO - 处理第 22 批，共 50 条记录
2025-07-03 20:09:52,967 - INFO - 已处理 1100 条记录
2025-07-03 20:09:53,259 - INFO - 批量更新 50 条记录成功
2025-07-03 20:09:53,259 - INFO - 处理第 23 批，共 50 条记录
2025-07-03 20:09:53,567 - INFO - 批量更新 50 条记录成功
2025-07-03 20:09:53,567 - INFO - 处理第 24 批，共 50 条记录
2025-07-03 20:09:53,571 - INFO - 已处理 1200 条记录
2025-07-03 20:09:53,879 - INFO - 批量更新 50 条记录成功
2025-07-03 20:09:53,880 - INFO - 处理第 25 批，共 50 条记录
2025-07-03 20:09:54,194 - INFO - 批量更新 50 条记录成功
2025-07-03 20:09:54,195 - INFO - 处理第 26 批，共 50 条记录
2025-07-03 20:09:54,202 - INFO - 已处理 1300 条记录
2025-07-03 20:09:54,572 - INFO - 批量更新 50 条记录成功
2025-07-03 20:09:54,573 - INFO - 处理第 27 批，共 50 条记录
2025-07-03 20:09:54,885 - INFO - 批量更新 50 条记录成功
2025-07-03 20:09:54,886 - INFO - 处理第 28 批，共 50 条记录
2025-07-03 20:09:54,892 - INFO - 已处理 1400 条记录
2025-07-03 20:09:55,190 - INFO - 批量更新 50 条记录成功
2025-07-03 20:09:55,190 - INFO - 处理第 29 批，共 50 条记录
2025-07-03 20:09:55,708 - INFO - 批量更新 50 条记录成功
2025-07-03 20:09:55,709 - INFO - 处理第 30 批，共 50 条记录
2025-07-03 20:09:55,714 - INFO - 已处理 1500 条记录
2025-07-03 20:09:56,016 - INFO - 批量更新 50 条记录成功
2025-07-03 20:09:56,016 - INFO - 处理第 31 批，共 50 条记录
2025-07-03 20:09:56,342 - INFO - 批量更新 50 条记录成功
2025-07-03 20:09:56,342 - INFO - 处理第 32 批，共 50 条记录
2025-07-03 20:09:56,349 - INFO - 已处理 1600 条记录
2025-07-03 20:09:56,654 - INFO - 批量更新 50 条记录成功
2025-07-03 20:09:56,655 - INFO - 处理第 33 批，共 50 条记录
2025-07-03 20:09:56,963 - INFO - 批量更新 50 条记录成功
2025-07-03 20:09:56,963 - INFO - 处理第 34 批，共 50 条记录
2025-07-03 20:09:56,969 - INFO - 已处理 1700 条记录
2025-07-03 20:09:57,264 - INFO - 批量更新 50 条记录成功
2025-07-03 20:09:57,264 - INFO - 处理第 35 批，共 50 条记录
2025-07-03 20:09:57,617 - INFO - 批量更新 50 条记录成功
2025-07-03 20:09:57,618 - INFO - 处理第 36 批，共 50 条记录
2025-07-03 20:09:57,625 - INFO - 已处理 1800 条记录
2025-07-03 20:09:57,974 - INFO - 批量更新 50 条记录成功
2025-07-03 20:09:57,975 - INFO - 处理第 37 批，共 50 条记录
2025-07-03 20:09:58,305 - INFO - 批量更新 50 条记录成功
2025-07-03 20:09:58,306 - INFO - 处理第 38 批，共 50 条记录
2025-07-03 20:09:58,311 - INFO - 已处理 1900 条记录
2025-07-03 20:09:58,624 - INFO - 批量更新 50 条记录成功
2025-07-03 20:09:58,625 - INFO - 处理第 39 批，共 50 条记录
2025-07-03 20:09:58,921 - INFO - 批量更新 50 条记录成功
2025-07-03 20:09:58,921 - INFO - 处理第 40 批，共 50 条记录
2025-07-03 20:09:58,926 - INFO - 已处理 2000 条记录
2025-07-03 20:09:59,214 - INFO - 批量更新 50 条记录成功
2025-07-03 20:09:59,214 - INFO - 处理第 41 批，共 50 条记录
2025-07-03 20:09:59,523 - INFO - 批量更新 50 条记录成功
2025-07-03 20:09:59,524 - INFO - 处理第 42 批，共 50 条记录
2025-07-03 20:09:59,530 - INFO - 已处理 2100 条记录
2025-07-03 20:09:59,827 - INFO - 批量更新 50 条记录成功
2025-07-03 20:09:59,827 - INFO - 处理第 43 批，共 50 条记录
2025-07-03 20:10:00,145 - INFO - 批量更新 50 条记录成功
2025-07-03 20:10:00,145 - INFO - 处理第 44 批，共 50 条记录
2025-07-03 20:10:00,150 - INFO - 已处理 2200 条记录
2025-07-03 20:10:00,444 - INFO - 批量更新 50 条记录成功
2025-07-03 20:10:00,444 - INFO - 处理第 45 批，共 50 条记录
2025-07-03 20:10:00,760 - INFO - 批量更新 50 条记录成功
2025-07-03 20:10:00,760 - INFO - 处理第 46 批，共 50 条记录
2025-07-03 20:10:00,765 - INFO - 已处理 2300 条记录
2025-07-03 20:10:01,071 - INFO - 批量更新 50 条记录成功
2025-07-03 20:10:01,071 - INFO - 处理第 47 批，共 50 条记录
2025-07-03 20:10:01,403 - INFO - 批量更新 50 条记录成功
2025-07-03 20:10:01,403 - INFO - 处理第 48 批，共 50 条记录
2025-07-03 20:10:01,408 - INFO - 已处理 2400 条记录
2025-07-03 20:10:01,800 - INFO - 批量更新 50 条记录成功
2025-07-03 20:10:01,800 - INFO - 处理第 49 批，共 50 条记录
2025-07-03 20:10:02,124 - INFO - 批量更新 50 条记录成功
2025-07-03 20:10:02,124 - INFO - 处理第 50 批，共 50 条记录
2025-07-03 20:10:02,129 - INFO - 已处理 2500 条记录
2025-07-03 20:10:02,445 - INFO - 批量更新 50 条记录成功
2025-07-03 20:10:02,446 - INFO - 处理完成！统计信息: {'total': 2500, 'processed': 2500, 'updated': 2500, 'errors': 0, 'duration_seconds': 16.606455}
2025-07-03 20:10:02,448 - INFO - 
==================================================
2025-07-03 20:10:02,448 - INFO - 处理完成！详细统计:
2025-07-03 20:10:02,448 - INFO - ==================================================
2025-07-03 20:10:02,448 - INFO - 总记录数: 2500
2025-07-03 20:10:02,448 - INFO - 成功处理: 2500
2025-07-03 20:10:02,448 - INFO - 成功更新: 2500
2025-07-03 20:10:02,448 - INFO - 错误数量: 0
2025-07-03 20:10:02,448 - INFO - 处理耗时: 16.61 秒
2025-07-03 20:10:02,448 - INFO - 总耗时: 16.61 秒
2025-07-03 20:10:02,448 - INFO - 成功率: 100.00%
2025-07-03 20:10:02,448 - INFO - 处理速度: 150.54 记录/秒
2025-07-03 20:10:02,449 - INFO - ✅ 所有记录处理成功！
2025-07-03 20:10:02,449 - INFO - 
处理任务完成！
2025-07-03 20:10:02,449 - INFO - 请检查日志文件 'jobsummary_processing.log' 获取详细信息
2025-07-03 20:20:12,365 - INFO - 智联招聘jobSummary处理器
2025-07-03 20:20:12,366 - INFO - ========================================
2025-07-03 20:20:29,025 - WARNING - 
用户中断操作
2025-07-03 20:20:33,787 - INFO - 智联招聘jobSummary处理器
2025-07-03 20:20:33,787 - INFO - ========================================
2025-07-03 20:20:48,917 - INFO - 
初始化处理器...
2025-07-03 20:20:48,917 - INFO - 
预览待处理数据...
2025-07-03 20:20:48,917 - INFO - 正在查询待处理数据...
2025-07-03 20:20:49,629 - INFO - 查询到 2500 条需要处理的记录
2025-07-03 20:20:49,630 - INFO - 查询结果: 共找到 2500 条待处理记录
2025-07-03 20:20:49,630 - INFO - 
前5条记录预览:
2025-07-03 20:20:49,630 - INFO - 记录 1:
2025-07-03 20:20:49,630 - INFO -   ID: 10842
2025-07-03 20:20:49,630 - INFO -   processed_info长度: 796
2025-07-03 20:20:49,630 - INFO -   processed_jobsummary长度: 116
2025-07-03 20:20:49,630 - INFO - 记录 2:
2025-07-03 20:20:49,631 - INFO -   ID: 10855
2025-07-03 20:20:49,631 - INFO -   processed_info长度: 860
2025-07-03 20:20:49,631 - INFO -   processed_jobsummary长度: 189
2025-07-03 20:20:49,631 - INFO - 记录 3:
2025-07-03 20:20:49,631 - INFO -   ID: 10859
2025-07-03 20:20:49,631 - INFO -   processed_info长度: 849
2025-07-03 20:20:49,631 - INFO -   processed_jobsummary长度: 144
2025-07-03 20:20:49,631 - INFO - 记录 4:
2025-07-03 20:20:49,631 - INFO -   ID: 10861
2025-07-03 20:20:49,631 - INFO -   processed_info长度: 863
2025-07-03 20:20:49,631 - INFO -   processed_jobsummary长度: 191
2025-07-03 20:20:49,631 - INFO - 记录 5:
2025-07-03 20:20:49,631 - INFO -   ID: 10862
2025-07-03 20:20:49,631 - INFO -   processed_info长度: 846
2025-07-03 20:20:49,631 - INFO -   processed_jobsummary长度: 180
2025-07-03 20:20:49,631 - INFO - ... 还有 2495 条记录
2025-07-03 20:20:53,489 - INFO - 开始执行数据处理...
2025-07-03 20:20:53,489 - INFO - 开始多线程处理，配置: 批次大小=50, 最大线程数=10
2025-07-03 20:20:54,170 - INFO - 查询到 2500 条需要处理的记录
2025-07-03 20:20:54,171 - INFO - 处理第 1 批，共 50 条记录
2025-07-03 20:20:54,477 - INFO - 批量更新 50 条记录成功
2025-07-03 20:20:54,478 - INFO - 处理第 2 批，共 50 条记录
2025-07-03 20:20:54,484 - INFO - 已处理 100 条记录
2025-07-03 20:20:54,781 - INFO - 批量更新 50 条记录成功
2025-07-03 20:20:54,781 - INFO - 处理第 3 批，共 50 条记录
2025-07-03 20:20:55,097 - INFO - 批量更新 50 条记录成功
2025-07-03 20:20:55,098 - INFO - 处理第 4 批，共 50 条记录
2025-07-03 20:20:55,104 - INFO - 已处理 200 条记录
2025-07-03 20:20:55,405 - INFO - 批量更新 50 条记录成功
2025-07-03 20:20:55,405 - INFO - 处理第 5 批，共 50 条记录
2025-07-03 20:20:55,792 - INFO - 批量更新 50 条记录成功
2025-07-03 20:20:55,792 - INFO - 处理第 6 批，共 50 条记录
2025-07-03 20:20:55,799 - INFO - 已处理 300 条记录
2025-07-03 20:20:56,133 - INFO - 批量更新 50 条记录成功
2025-07-03 20:20:56,133 - INFO - 处理第 7 批，共 50 条记录
2025-07-03 20:20:56,451 - INFO - 批量更新 50 条记录成功
2025-07-03 20:20:56,452 - INFO - 处理第 8 批，共 50 条记录
2025-07-03 20:20:56,470 - INFO - 已处理 400 条记录
2025-07-03 20:20:56,793 - INFO - 批量更新 50 条记录成功
2025-07-03 20:20:56,794 - INFO - 处理第 9 批，共 50 条记录
2025-07-03 20:20:57,102 - INFO - 批量更新 50 条记录成功
2025-07-03 20:20:57,103 - INFO - 处理第 10 批，共 50 条记录
2025-07-03 20:20:57,108 - INFO - 已处理 500 条记录
2025-07-03 20:20:57,438 - INFO - 批量更新 50 条记录成功
2025-07-03 20:20:57,438 - INFO - 处理第 11 批，共 50 条记录
2025-07-03 20:20:57,742 - INFO - 批量更新 50 条记录成功
2025-07-03 20:20:57,742 - INFO - 处理第 12 批，共 50 条记录
2025-07-03 20:20:57,749 - INFO - 已处理 600 条记录
2025-07-03 20:20:58,049 - INFO - 批量更新 50 条记录成功
2025-07-03 20:20:58,049 - INFO - 处理第 13 批，共 50 条记录
2025-07-03 20:20:58,348 - INFO - 批量更新 50 条记录成功
2025-07-03 20:20:58,349 - INFO - 处理第 14 批，共 50 条记录
2025-07-03 20:20:58,355 - INFO - 已处理 700 条记录
2025-07-03 20:20:58,649 - INFO - 批量更新 50 条记录成功
2025-07-03 20:20:58,650 - INFO - 处理第 15 批，共 50 条记录
2025-07-03 20:20:58,956 - INFO - 批量更新 50 条记录成功
2025-07-03 20:20:58,957 - INFO - 处理第 16 批，共 50 条记录
2025-07-03 20:20:58,961 - INFO - 已处理 800 条记录
2025-07-03 20:20:59,267 - INFO - 批量更新 50 条记录成功
2025-07-03 20:20:59,269 - INFO - 处理第 17 批，共 50 条记录
2025-07-03 20:20:59,606 - INFO - 批量更新 50 条记录成功
2025-07-03 20:20:59,607 - INFO - 处理第 18 批，共 50 条记录
2025-07-03 20:20:59,626 - INFO - 已处理 900 条记录
2025-07-03 20:20:59,963 - INFO - 批量更新 50 条记录成功
2025-07-03 20:20:59,963 - INFO - 处理第 19 批，共 50 条记录
2025-07-03 20:21:00,306 - INFO - 批量更新 50 条记录成功
2025-07-03 20:21:00,307 - INFO - 处理第 20 批，共 50 条记录
2025-07-03 20:21:00,313 - INFO - 已处理 1000 条记录
2025-07-03 20:21:00,622 - INFO - 批量更新 50 条记录成功
2025-07-03 20:21:00,622 - INFO - 处理第 21 批，共 50 条记录
2025-07-03 20:21:00,922 - INFO - 批量更新 50 条记录成功
2025-07-03 20:21:00,922 - INFO - 处理第 22 批，共 50 条记录
2025-07-03 20:21:00,929 - INFO - 已处理 1100 条记录
2025-07-03 20:21:01,246 - INFO - 批量更新 50 条记录成功
2025-07-03 20:21:01,247 - INFO - 处理第 23 批，共 50 条记录
2025-07-03 20:21:01,576 - INFO - 批量更新 50 条记录成功
2025-07-03 20:21:01,576 - INFO - 处理第 24 批，共 50 条记录
2025-07-03 20:21:01,583 - INFO - 已处理 1200 条记录
2025-07-03 20:21:01,929 - INFO - 批量更新 50 条记录成功
2025-07-03 20:21:01,930 - INFO - 处理第 25 批，共 50 条记录
2025-07-03 20:21:02,253 - INFO - 批量更新 50 条记录成功
2025-07-03 20:21:02,254 - INFO - 处理第 26 批，共 50 条记录
2025-07-03 20:21:02,258 - INFO - 已处理 1300 条记录
2025-07-03 20:21:02,566 - INFO - 批量更新 50 条记录成功
2025-07-03 20:21:02,567 - INFO - 处理第 27 批，共 50 条记录
2025-07-03 20:21:02,877 - INFO - 批量更新 50 条记录成功
2025-07-03 20:21:02,877 - INFO - 处理第 28 批，共 50 条记录
2025-07-03 20:21:02,885 - INFO - 已处理 1400 条记录
2025-07-03 20:21:03,220 - INFO - 批量更新 50 条记录成功
2025-07-03 20:21:03,220 - INFO - 处理第 29 批，共 50 条记录
2025-07-03 20:21:03,532 - INFO - 批量更新 50 条记录成功
2025-07-03 20:21:03,532 - INFO - 处理第 30 批，共 50 条记录
2025-07-03 20:21:03,538 - INFO - 已处理 1500 条记录
2025-07-03 20:21:03,841 - INFO - 批量更新 50 条记录成功
2025-07-03 20:21:03,841 - INFO - 处理第 31 批，共 50 条记录
2025-07-03 20:21:04,147 - INFO - 批量更新 50 条记录成功
2025-07-03 20:21:04,147 - INFO - 处理第 32 批，共 50 条记录
2025-07-03 20:21:04,153 - INFO - 已处理 1600 条记录
2025-07-03 20:21:04,459 - INFO - 批量更新 50 条记录成功
2025-07-03 20:21:04,460 - INFO - 处理第 33 批，共 50 条记录
2025-07-03 20:21:04,773 - INFO - 批量更新 50 条记录成功
2025-07-03 20:21:04,774 - INFO - 处理第 34 批，共 50 条记录
2025-07-03 20:21:04,780 - INFO - 已处理 1700 条记录
2025-07-03 20:21:05,091 - INFO - 批量更新 50 条记录成功
2025-07-03 20:21:05,091 - INFO - 处理第 35 批，共 50 条记录
2025-07-03 20:21:05,411 - INFO - 批量更新 50 条记录成功
2025-07-03 20:21:05,411 - INFO - 处理第 36 批，共 50 条记录
2025-07-03 20:21:05,417 - INFO - 已处理 1800 条记录
2025-07-03 20:21:05,838 - INFO - 批量更新 50 条记录成功
2025-07-03 20:21:05,839 - INFO - 处理第 37 批，共 50 条记录
2025-07-03 20:21:06,176 - INFO - 批量更新 50 条记录成功
2025-07-03 20:21:06,176 - INFO - 处理第 38 批，共 50 条记录
2025-07-03 20:21:06,182 - INFO - 已处理 1900 条记录
2025-07-03 20:21:06,515 - INFO - 批量更新 50 条记录成功
2025-07-03 20:21:06,516 - INFO - 处理第 39 批，共 50 条记录
2025-07-03 20:21:06,816 - INFO - 批量更新 50 条记录成功
2025-07-03 20:21:06,816 - INFO - 处理第 40 批，共 50 条记录
2025-07-03 20:21:06,824 - INFO - 已处理 2000 条记录
2025-07-03 20:21:07,131 - INFO - 批量更新 50 条记录成功
2025-07-03 20:21:07,133 - INFO - 处理第 41 批，共 50 条记录
2025-07-03 20:21:07,481 - INFO - 批量更新 50 条记录成功
2025-07-03 20:21:07,481 - INFO - 处理第 42 批，共 50 条记录
2025-07-03 20:21:07,488 - INFO - 已处理 2100 条记录
2025-07-03 20:21:07,823 - INFO - 批量更新 50 条记录成功
2025-07-03 20:21:07,825 - INFO - 处理第 43 批，共 50 条记录
2025-07-03 20:21:08,142 - INFO - 批量更新 50 条记录成功
2025-07-03 20:21:08,142 - INFO - 处理第 44 批，共 50 条记录
2025-07-03 20:21:08,148 - INFO - 已处理 2200 条记录
2025-07-03 20:21:08,475 - INFO - 批量更新 50 条记录成功
2025-07-03 20:21:08,476 - INFO - 处理第 45 批，共 50 条记录
2025-07-03 20:21:08,799 - INFO - 批量更新 50 条记录成功
2025-07-03 20:21:08,799 - INFO - 处理第 46 批，共 50 条记录
2025-07-03 20:21:08,806 - INFO - 已处理 2300 条记录
2025-07-03 20:21:09,126 - INFO - 批量更新 50 条记录成功
2025-07-03 20:21:09,127 - INFO - 处理第 47 批，共 50 条记录
2025-07-03 20:21:09,452 - INFO - 批量更新 50 条记录成功
2025-07-03 20:21:09,453 - INFO - 处理第 48 批，共 50 条记录
2025-07-03 20:21:09,459 - INFO - 已处理 2400 条记录
2025-07-03 20:21:09,787 - INFO - 批量更新 50 条记录成功
2025-07-03 20:21:09,787 - INFO - 处理第 49 批，共 50 条记录
2025-07-03 20:21:10,091 - INFO - 批量更新 50 条记录成功
2025-07-03 20:21:10,091 - INFO - 处理第 50 批，共 50 条记录
2025-07-03 20:21:10,099 - INFO - 已处理 2500 条记录
2025-07-03 20:21:10,402 - INFO - 批量更新 50 条记录成功
2025-07-03 20:21:10,403 - INFO - 处理完成！统计信息: {'total': 2500, 'processed': 2500, 'updated': 2500, 'errors': 0, 'duration_seconds': 16.913969}
2025-07-03 20:21:10,405 - INFO - 
==================================================
2025-07-03 20:21:10,405 - INFO - 处理完成！详细统计:
2025-07-03 20:21:10,405 - INFO - ==================================================
2025-07-03 20:21:10,405 - INFO - 总记录数: 2500
2025-07-03 20:21:10,405 - INFO - 成功处理: 2500
2025-07-03 20:21:10,405 - INFO - 成功更新: 2500
2025-07-03 20:21:10,405 - INFO - 错误数量: 0
2025-07-03 20:21:10,405 - INFO - 处理耗时: 16.91 秒
2025-07-03 20:21:10,405 - INFO - 总耗时: 16.92 秒
2025-07-03 20:21:10,405 - INFO - 成功率: 100.00%
2025-07-03 20:21:10,406 - INFO - 处理速度: 147.81 记录/秒
2025-07-03 20:21:10,406 - INFO - ✅ 所有记录处理成功！
2025-07-03 20:21:10,406 - INFO - 
处理任务完成！
2025-07-03 20:21:10,406 - INFO - 请检查日志文件 'jobsummary_processing.log' 获取详细信息
2025-07-03 21:07:21,194 - INFO - 智联招聘jobSummary处理器
2025-07-03 21:07:21,194 - INFO - ========================================
2025-07-03 21:07:38,412 - INFO - 
初始化处理器...
2025-07-03 21:07:38,413 - INFO - 
预览待处理数据...
2025-07-03 21:07:38,413 - INFO - 正在查询待处理数据...
2025-07-03 21:07:39,128 - INFO - 查询到 2500 条需要处理的记录
2025-07-03 21:07:39,129 - INFO - 查询结果: 共找到 2500 条待处理记录
2025-07-03 21:07:39,129 - INFO - 
前5条记录预览:
2025-07-03 21:07:39,129 - INFO - 记录 1:
2025-07-03 21:07:39,129 - INFO -   ID: 10842
2025-07-03 21:07:39,129 - INFO -   processed_info长度: 761
2025-07-03 21:07:39,129 - INFO -   processed_jobsummary长度: 101
2025-07-03 21:07:39,129 - INFO - 记录 2:
2025-07-03 21:07:39,129 - INFO -   ID: 10855
2025-07-03 21:07:39,129 - INFO -   processed_info长度: 819
2025-07-03 21:07:39,129 - INFO -   processed_jobsummary长度: 190
2025-07-03 21:07:39,129 - INFO - 记录 3:
2025-07-03 21:07:39,129 - INFO -   ID: 10859
2025-07-03 21:07:39,130 - INFO -   processed_info长度: 842
2025-07-03 21:07:39,130 - INFO -   processed_jobsummary长度: 136
2025-07-03 21:07:39,130 - INFO - 记录 4:
2025-07-03 21:07:39,130 - INFO -   ID: 10861
2025-07-03 21:07:39,130 - INFO -   processed_info长度: 817
2025-07-03 21:07:39,130 - INFO -   processed_jobsummary长度: 175
2025-07-03 21:07:39,130 - INFO - 记录 5:
2025-07-03 21:07:39,130 - INFO -   ID: 10862
2025-07-03 21:07:39,130 - INFO -   processed_info长度: 813
2025-07-03 21:07:39,130 - INFO -   processed_jobsummary长度: 149
2025-07-03 21:07:39,130 - INFO - ... 还有 2495 条记录
2025-07-03 21:07:43,212 - INFO - 开始执行数据处理...
2025-07-03 21:07:43,212 - INFO - 开始多线程处理，配置: 批次大小=50, 最大线程数=10
2025-07-03 21:07:43,774 - INFO - 查询到 2500 条需要处理的记录
2025-07-03 21:07:43,775 - INFO - 处理第 1 批，共 50 条记录
2025-07-03 21:07:44,115 - INFO - 批量更新 50 条记录成功
2025-07-03 21:07:44,116 - INFO - 处理第 2 批，共 50 条记录
2025-07-03 21:07:44,122 - INFO - 已处理 100 条记录
2025-07-03 21:07:44,447 - INFO - 批量更新 50 条记录成功
2025-07-03 21:07:44,447 - INFO - 处理第 3 批，共 50 条记录
2025-07-03 21:07:44,755 - INFO - 批量更新 50 条记录成功
2025-07-03 21:07:44,755 - INFO - 处理第 4 批，共 50 条记录
2025-07-03 21:07:44,762 - INFO - 已处理 200 条记录
2025-07-03 21:07:45,063 - INFO - 批量更新 50 条记录成功
2025-07-03 21:07:45,063 - INFO - 处理第 5 批，共 50 条记录
2025-07-03 21:07:45,387 - INFO - 批量更新 50 条记录成功
2025-07-03 21:07:45,388 - INFO - 处理第 6 批，共 50 条记录
2025-07-03 21:07:45,392 - INFO - 已处理 300 条记录
2025-07-03 21:07:45,761 - INFO - 批量更新 50 条记录成功
2025-07-03 21:07:45,763 - INFO - 处理第 7 批，共 50 条记录
2025-07-03 21:07:46,140 - INFO - 批量更新 50 条记录成功
2025-07-03 21:07:46,141 - INFO - 处理第 8 批，共 50 条记录
2025-07-03 21:07:46,157 - INFO - 已处理 400 条记录
2025-07-03 21:07:46,456 - INFO - 批量更新 50 条记录成功
2025-07-03 21:07:46,457 - INFO - 处理第 9 批，共 50 条记录
2025-07-03 21:07:46,791 - INFO - 批量更新 50 条记录成功
2025-07-03 21:07:46,791 - INFO - 处理第 10 批，共 50 条记录
2025-07-03 21:07:46,798 - INFO - 已处理 500 条记录
2025-07-03 21:07:47,175 - INFO - 批量更新 50 条记录成功
2025-07-03 21:07:47,175 - INFO - 处理第 11 批，共 50 条记录
2025-07-03 21:07:47,498 - INFO - 批量更新 50 条记录成功
2025-07-03 21:07:47,498 - INFO - 处理第 12 批，共 50 条记录
2025-07-03 21:07:47,505 - INFO - 已处理 600 条记录
2025-07-03 21:07:47,816 - INFO - 批量更新 50 条记录成功
2025-07-03 21:07:47,817 - INFO - 处理第 13 批，共 50 条记录
2025-07-03 21:07:48,137 - INFO - 批量更新 50 条记录成功
2025-07-03 21:07:48,137 - INFO - 处理第 14 批，共 50 条记录
2025-07-03 21:07:48,143 - INFO - 已处理 700 条记录
2025-07-03 21:07:48,463 - INFO - 批量更新 50 条记录成功
2025-07-03 21:07:48,463 - INFO - 处理第 15 批，共 50 条记录
2025-07-03 21:07:48,788 - INFO - 批量更新 50 条记录成功
2025-07-03 21:07:48,788 - INFO - 处理第 16 批，共 50 条记录
2025-07-03 21:07:48,795 - INFO - 已处理 800 条记录
2025-07-03 21:07:49,153 - INFO - 批量更新 50 条记录成功
2025-07-03 21:07:49,153 - INFO - 处理第 17 批，共 50 条记录
2025-07-03 21:07:49,486 - INFO - 批量更新 50 条记录成功
2025-07-03 21:07:49,486 - INFO - 处理第 18 批，共 50 条记录
2025-07-03 21:07:49,493 - INFO - 已处理 900 条记录
2025-07-03 21:07:49,811 - INFO - 批量更新 50 条记录成功
2025-07-03 21:07:49,811 - INFO - 处理第 19 批，共 50 条记录
2025-07-03 21:07:50,256 - INFO - 批量更新 50 条记录成功
2025-07-03 21:07:50,256 - INFO - 处理第 20 批，共 50 条记录
2025-07-03 21:07:50,261 - INFO - 已处理 1000 条记录
2025-07-03 21:07:50,614 - INFO - 批量更新 50 条记录成功
2025-07-03 21:07:50,615 - INFO - 处理第 21 批，共 50 条记录
2025-07-03 21:07:50,933 - INFO - 批量更新 50 条记录成功
2025-07-03 21:07:50,933 - INFO - 处理第 22 批，共 50 条记录
2025-07-03 21:07:50,940 - INFO - 已处理 1100 条记录
2025-07-03 21:07:51,257 - INFO - 批量更新 50 条记录成功
2025-07-03 21:07:51,258 - INFO - 处理第 23 批，共 50 条记录
2025-07-03 21:07:51,593 - INFO - 批量更新 50 条记录成功
2025-07-03 21:07:51,593 - INFO - 处理第 24 批，共 50 条记录
2025-07-03 21:07:51,598 - INFO - 已处理 1200 条记录
2025-07-03 21:07:51,909 - INFO - 批量更新 50 条记录成功
2025-07-03 21:07:51,910 - INFO - 处理第 25 批，共 50 条记录
2025-07-03 21:07:52,237 - INFO - 批量更新 50 条记录成功
2025-07-03 21:07:52,239 - INFO - 处理第 26 批，共 50 条记录
2025-07-03 21:07:52,245 - INFO - 已处理 1300 条记录
2025-07-03 21:07:52,568 - INFO - 批量更新 50 条记录成功
2025-07-03 21:07:52,568 - INFO - 处理第 27 批，共 50 条记录
2025-07-03 21:07:52,901 - INFO - 批量更新 50 条记录成功
2025-07-03 21:07:52,902 - INFO - 处理第 28 批，共 50 条记录
2025-07-03 21:07:52,908 - INFO - 已处理 1400 条记录
2025-07-03 21:07:53,221 - INFO - 批量更新 50 条记录成功
2025-07-03 21:07:53,221 - INFO - 处理第 29 批，共 50 条记录
2025-07-03 21:07:53,532 - INFO - 批量更新 50 条记录成功
2025-07-03 21:07:53,532 - INFO - 处理第 30 批，共 50 条记录
2025-07-03 21:07:53,539 - INFO - 已处理 1500 条记录
2025-07-03 21:07:53,859 - INFO - 批量更新 50 条记录成功
2025-07-03 21:07:53,859 - INFO - 处理第 31 批，共 50 条记录
2025-07-03 21:07:54,192 - INFO - 批量更新 50 条记录成功
2025-07-03 21:07:54,192 - INFO - 处理第 32 批，共 50 条记录
2025-07-03 21:07:54,198 - INFO - 已处理 1600 条记录
2025-07-03 21:07:54,524 - INFO - 批量更新 50 条记录成功
2025-07-03 21:07:54,525 - INFO - 处理第 33 批，共 50 条记录
2025-07-03 21:07:54,822 - INFO - 批量更新 50 条记录成功
2025-07-03 21:07:54,823 - INFO - 处理第 34 批，共 50 条记录
2025-07-03 21:07:54,829 - INFO - 已处理 1700 条记录
2025-07-03 21:07:55,156 - INFO - 批量更新 50 条记录成功
2025-07-03 21:07:55,157 - INFO - 处理第 35 批，共 50 条记录
2025-07-03 21:07:55,493 - INFO - 批量更新 50 条记录成功
2025-07-03 21:07:55,493 - INFO - 处理第 36 批，共 50 条记录
2025-07-03 21:07:55,501 - INFO - 已处理 1800 条记录
2025-07-03 21:07:55,827 - INFO - 批量更新 50 条记录成功
2025-07-03 21:07:55,828 - INFO - 处理第 37 批，共 50 条记录
2025-07-03 21:07:56,154 - INFO - 批量更新 50 条记录成功
2025-07-03 21:07:56,154 - INFO - 处理第 38 批，共 50 条记录
2025-07-03 21:07:56,161 - INFO - 已处理 1900 条记录
2025-07-03 21:07:56,497 - INFO - 批量更新 50 条记录成功
2025-07-03 21:07:56,498 - INFO - 处理第 39 批，共 50 条记录
2025-07-03 21:07:56,807 - INFO - 批量更新 50 条记录成功
2025-07-03 21:07:56,808 - INFO - 处理第 40 批，共 50 条记录
2025-07-03 21:07:56,815 - INFO - 已处理 2000 条记录
2025-07-03 21:07:57,146 - INFO - 批量更新 50 条记录成功
2025-07-03 21:07:57,147 - INFO - 处理第 41 批，共 50 条记录
2025-07-03 21:07:57,465 - INFO - 批量更新 50 条记录成功
2025-07-03 21:07:57,465 - INFO - 处理第 42 批，共 50 条记录
2025-07-03 21:07:57,471 - INFO - 已处理 2100 条记录
2025-07-03 21:07:57,790 - INFO - 批量更新 50 条记录成功
2025-07-03 21:07:57,791 - INFO - 处理第 43 批，共 50 条记录
2025-07-03 21:07:58,138 - INFO - 批量更新 50 条记录成功
2025-07-03 21:07:58,139 - INFO - 处理第 44 批，共 50 条记录
2025-07-03 21:07:58,146 - INFO - 已处理 2200 条记录
2025-07-03 21:07:58,476 - INFO - 批量更新 50 条记录成功
2025-07-03 21:07:58,476 - INFO - 处理第 45 批，共 50 条记录
2025-07-03 21:07:58,798 - INFO - 批量更新 50 条记录成功
2025-07-03 21:07:58,799 - INFO - 处理第 46 批，共 50 条记录
2025-07-03 21:07:58,805 - INFO - 已处理 2300 条记录
2025-07-03 21:07:59,140 - INFO - 批量更新 50 条记录成功
2025-07-03 21:07:59,141 - INFO - 处理第 47 批，共 50 条记录
2025-07-03 21:07:59,464 - INFO - 批量更新 50 条记录成功
2025-07-03 21:07:59,465 - INFO - 处理第 48 批，共 50 条记录
2025-07-03 21:07:59,469 - INFO - 已处理 2400 条记录
2025-07-03 21:07:59,774 - INFO - 批量更新 50 条记录成功
2025-07-03 21:07:59,775 - INFO - 处理第 49 批，共 50 条记录
2025-07-03 21:08:00,151 - INFO - 批量更新 50 条记录成功
2025-07-03 21:08:00,151 - INFO - 处理第 50 批，共 50 条记录
2025-07-03 21:08:00,156 - INFO - 已处理 2500 条记录
2025-07-03 21:08:00,463 - INFO - 批量更新 50 条记录成功
2025-07-03 21:08:00,463 - INFO - 处理完成！统计信息: {'total': 2500, 'processed': 2500, 'updated': 2500, 'errors': 0, 'duration_seconds': 17.250524}
2025-07-03 21:08:00,465 - INFO - 
==================================================
2025-07-03 21:08:00,465 - INFO - 处理完成！详细统计:
2025-07-03 21:08:00,465 - INFO - ==================================================
2025-07-03 21:08:00,465 - INFO - 总记录数: 2500
2025-07-03 21:08:00,465 - INFO - 成功处理: 2500
2025-07-03 21:08:00,465 - INFO - 成功更新: 2500
2025-07-03 21:08:00,465 - INFO - 错误数量: 0
2025-07-03 21:08:00,465 - INFO - 处理耗时: 17.25 秒
2025-07-03 21:08:00,465 - INFO - 总耗时: 17.25 秒
2025-07-03 21:08:00,465 - INFO - 成功率: 100.00%
2025-07-03 21:08:00,465 - INFO - 处理速度: 144.92 记录/秒
2025-07-03 21:08:00,466 - INFO - ✅ 所有记录处理成功！
2025-07-03 21:08:00,466 - INFO - 
处理任务完成！
2025-07-03 21:08:00,466 - INFO - 请检查日志文件 'jobsummary_processing.log' 获取详细信息
2025-07-03 23:02:20,509 - INFO - 智联招聘jobSummary处理器
2025-07-03 23:02:20,510 - INFO - ========================================
2025-07-03 23:02:39,558 - INFO - 
初始化处理器...
2025-07-03 23:02:39,558 - INFO - 
预览待处理数据...
2025-07-03 23:02:39,558 - INFO - 正在查询待处理数据...
2025-07-03 23:02:47,177 - INFO - 查询到 2500 条需要处理的记录
2025-07-03 23:02:47,178 - INFO - 查询结果: 共找到 2500 条待处理记录
2025-07-03 23:02:47,178 - INFO - 
前5条记录预览:
2025-07-03 23:02:47,178 - INFO - 记录 1:
2025-07-03 23:02:47,178 - INFO -   ID: 10842
2025-07-03 23:02:47,178 - INFO -   processed_info长度: 411
2025-07-03 23:02:47,178 - INFO -   processed_jobsummary长度: 101
2025-07-03 23:02:47,178 - INFO - 记录 2:
2025-07-03 23:02:47,178 - INFO -   ID: 10855
2025-07-03 23:02:47,178 - INFO -   processed_info长度: 486
2025-07-03 23:02:47,178 - INFO -   processed_jobsummary长度: 190
2025-07-03 23:02:47,178 - INFO - 记录 3:
2025-07-03 23:02:47,178 - INFO -   ID: 10859
2025-07-03 23:02:47,179 - INFO -   processed_info长度: 507
2025-07-03 23:02:47,179 - INFO -   processed_jobsummary长度: 136
2025-07-03 23:02:47,179 - INFO - 记录 4:
2025-07-03 23:02:47,179 - INFO -   ID: 10861
2025-07-03 23:02:47,179 - INFO -   processed_info长度: 487
2025-07-03 23:02:47,179 - INFO -   processed_jobsummary长度: 175
2025-07-03 23:02:47,179 - INFO - 记录 5:
2025-07-03 23:02:47,179 - INFO -   ID: 10862
2025-07-03 23:02:47,179 - INFO -   processed_info长度: 481
2025-07-03 23:02:47,179 - INFO -   processed_jobsummary长度: 149
2025-07-03 23:02:47,179 - INFO - ... 还有 2495 条记录
2025-07-03 23:03:27,632 - INFO - 开始执行数据处理...
2025-07-03 23:03:27,632 - INFO - 开始多线程处理，配置: 批次大小=50, 最大线程数=20
2025-07-03 23:03:31,333 - INFO - 查询到 2500 条需要处理的记录
2025-07-03 23:03:31,334 - INFO - 处理第 1 批，共 50 条记录
2025-07-03 23:03:36,267 - INFO - 批量更新 50 条记录成功
2025-07-03 23:03:36,267 - INFO - 处理第 2 批，共 50 条记录
2025-07-03 23:03:36,274 - INFO - 已处理 100 条记录
2025-07-03 23:03:40,544 - INFO - 批量更新 50 条记录成功
2025-07-03 23:03:40,545 - INFO - 处理第 3 批，共 50 条记录
2025-07-03 23:03:44,540 - INFO - 批量更新 50 条记录成功
2025-07-03 23:03:44,541 - INFO - 处理第 4 批，共 50 条记录
2025-07-03 23:03:44,546 - INFO - 已处理 200 条记录
2025-07-03 23:03:48,785 - INFO - 批量更新 50 条记录成功
2025-07-03 23:03:48,785 - INFO - 处理第 5 批，共 50 条记录
2025-07-03 23:03:53,547 - INFO - 批量更新 50 条记录成功
2025-07-03 23:03:53,547 - INFO - 处理第 6 批，共 50 条记录
2025-07-03 23:03:53,554 - INFO - 已处理 300 条记录
2025-07-03 23:03:58,288 - INFO - 批量更新 50 条记录成功
2025-07-03 23:03:58,288 - INFO - 处理第 7 批，共 50 条记录
2025-07-03 23:04:03,264 - INFO - 批量更新 50 条记录成功
2025-07-03 23:04:03,264 - INFO - 处理第 8 批，共 50 条记录
2025-07-03 23:04:03,282 - INFO - 已处理 400 条记录
2025-07-03 23:04:07,226 - INFO - 批量更新 50 条记录成功
2025-07-03 23:04:07,226 - INFO - 处理第 9 批，共 50 条记录
2025-07-03 23:04:11,661 - INFO - 批量更新 50 条记录成功
2025-07-03 23:04:11,662 - INFO - 处理第 10 批，共 50 条记录
2025-07-03 23:04:11,665 - INFO - 已处理 500 条记录
2025-07-03 23:04:15,756 - INFO - 批量更新 50 条记录成功
2025-07-03 23:04:15,756 - INFO - 处理第 11 批，共 50 条记录
2025-07-03 23:04:20,050 - INFO - 批量更新 50 条记录成功
2025-07-03 23:04:20,050 - INFO - 处理第 12 批，共 50 条记录
2025-07-03 23:04:20,054 - INFO - 已处理 600 条记录
2025-07-03 23:04:23,717 - INFO - 批量更新 50 条记录成功
2025-07-03 23:04:23,718 - INFO - 处理第 13 批，共 50 条记录
2025-07-03 23:04:28,057 - INFO - 批量更新 50 条记录成功
2025-07-03 23:04:28,058 - INFO - 处理第 14 批，共 50 条记录
2025-07-03 23:04:28,063 - INFO - 已处理 700 条记录
2025-07-03 23:04:32,777 - INFO - 批量更新 50 条记录成功
2025-07-03 23:04:32,777 - INFO - 处理第 15 批，共 50 条记录
2025-07-03 23:04:38,383 - INFO - 批量更新 50 条记录成功
2025-07-03 23:04:38,384 - INFO - 处理第 16 批，共 50 条记录
2025-07-03 23:04:38,388 - INFO - 已处理 800 条记录
2025-07-03 23:04:41,379 - INFO - 批量更新 50 条记录成功
2025-07-03 23:04:41,379 - INFO - 处理第 17 批，共 50 条记录
2025-07-03 23:04:44,834 - INFO - 批量更新 50 条记录成功
2025-07-03 23:04:44,834 - INFO - 处理第 18 批，共 50 条记录
2025-07-03 23:04:44,841 - INFO - 已处理 900 条记录
2025-07-03 23:04:48,662 - INFO - 批量更新 50 条记录成功
2025-07-03 23:04:48,662 - INFO - 处理第 19 批，共 50 条记录
2025-07-03 23:04:54,214 - INFO - 批量更新 50 条记录成功
2025-07-03 23:04:54,214 - INFO - 处理第 20 批，共 50 条记录
2025-07-03 23:04:54,219 - INFO - 已处理 1000 条记录
2025-07-03 23:04:58,458 - INFO - 批量更新 50 条记录成功
2025-07-03 23:04:58,459 - INFO - 处理第 21 批，共 50 条记录
2025-07-03 23:05:04,902 - INFO - 批量更新 50 条记录成功
2025-07-03 23:05:04,902 - INFO - 处理第 22 批，共 50 条记录
2025-07-03 23:05:04,908 - INFO - 已处理 1100 条记录
2025-07-03 23:05:09,392 - INFO - 批量更新 50 条记录成功
2025-07-03 23:05:09,392 - INFO - 处理第 23 批，共 50 条记录
2025-07-03 23:05:14,538 - INFO - 批量更新 50 条记录成功
2025-07-03 23:05:14,540 - INFO - 处理第 24 批，共 50 条记录
2025-07-03 23:05:14,545 - INFO - 已处理 1200 条记录
2025-07-03 23:05:17,817 - INFO - 批量更新 50 条记录成功
2025-07-03 23:05:17,817 - INFO - 处理第 25 批，共 50 条记录
2025-07-03 23:05:21,839 - INFO - 批量更新 50 条记录成功
2025-07-03 23:05:21,840 - INFO - 处理第 26 批，共 50 条记录
2025-07-03 23:05:21,845 - INFO - 已处理 1300 条记录
2025-07-03 23:05:26,530 - INFO - 批量更新 50 条记录成功
2025-07-03 23:05:26,530 - INFO - 处理第 27 批，共 50 条记录
2025-07-03 23:05:32,149 - INFO - 批量更新 50 条记录成功
2025-07-03 23:05:32,151 - INFO - 处理第 28 批，共 50 条记录
2025-07-03 23:05:32,156 - INFO - 已处理 1400 条记录
2025-07-03 23:05:35,567 - INFO - 批量更新 50 条记录成功
2025-07-03 23:05:35,567 - INFO - 处理第 29 批，共 50 条记录
2025-07-03 23:05:40,385 - INFO - 批量更新 50 条记录成功
2025-07-03 23:05:40,385 - INFO - 处理第 30 批，共 50 条记录
2025-07-03 23:05:40,391 - INFO - 已处理 1500 条记录
2025-07-03 23:05:43,745 - INFO - 批量更新 50 条记录成功
2025-07-03 23:05:43,746 - INFO - 处理第 31 批，共 50 条记录
2025-07-03 23:05:47,061 - INFO - 批量更新 50 条记录成功
2025-07-03 23:05:47,061 - INFO - 处理第 32 批，共 50 条记录
2025-07-03 23:05:47,067 - INFO - 已处理 1600 条记录
2025-07-03 23:05:51,791 - INFO - 批量更新 50 条记录成功
2025-07-03 23:05:51,791 - INFO - 处理第 33 批，共 50 条记录
2025-07-03 23:05:56,544 - INFO - 批量更新 50 条记录成功
2025-07-03 23:05:56,546 - INFO - 处理第 34 批，共 50 条记录
2025-07-03 23:05:56,550 - INFO - 已处理 1700 条记录
2025-07-03 23:06:01,224 - INFO - 批量更新 50 条记录成功
2025-07-03 23:06:01,224 - INFO - 处理第 35 批，共 50 条记录
2025-07-03 23:06:05,929 - INFO - 批量更新 50 条记录成功
2025-07-03 23:06:05,930 - INFO - 处理第 36 批，共 50 条记录
2025-07-03 23:06:05,936 - INFO - 已处理 1800 条记录
2025-07-03 23:06:09,609 - INFO - 批量更新 50 条记录成功
2025-07-03 23:06:09,610 - INFO - 处理第 37 批，共 50 条记录
2025-07-03 23:06:14,020 - INFO - 批量更新 50 条记录成功
2025-07-03 23:06:14,020 - INFO - 处理第 38 批，共 50 条记录
2025-07-03 23:06:14,026 - INFO - 已处理 1900 条记录
2025-07-03 23:06:18,377 - INFO - 批量更新 50 条记录成功
2025-07-03 23:06:18,378 - INFO - 处理第 39 批，共 50 条记录
2025-07-03 23:06:22,724 - INFO - 批量更新 50 条记录成功
2025-07-03 23:06:22,724 - INFO - 处理第 40 批，共 50 条记录
2025-07-03 23:06:22,728 - INFO - 已处理 2000 条记录
2025-07-03 23:06:27,654 - INFO - 批量更新 50 条记录成功
2025-07-03 23:06:27,654 - INFO - 处理第 41 批，共 50 条记录
2025-07-03 23:06:32,122 - INFO - 批量更新 50 条记录成功
2025-07-03 23:06:32,123 - INFO - 处理第 42 批，共 50 条记录
2025-07-03 23:06:32,129 - INFO - 已处理 2100 条记录
2025-07-03 23:06:35,840 - INFO - 批量更新 50 条记录成功
2025-07-03 23:06:35,840 - INFO - 处理第 43 批，共 50 条记录
2025-07-03 23:06:40,389 - INFO - 批量更新 50 条记录成功
2025-07-03 23:06:40,390 - INFO - 处理第 44 批，共 50 条记录
2025-07-03 23:06:40,396 - INFO - 已处理 2200 条记录
2025-07-03 23:06:45,202 - INFO - 批量更新 50 条记录成功
2025-07-03 23:06:45,202 - INFO - 处理第 45 批，共 50 条记录
2025-07-03 23:06:51,122 - INFO - 批量更新 50 条记录成功
2025-07-03 23:06:51,122 - INFO - 处理第 46 批，共 50 条记录
2025-07-03 23:06:51,126 - INFO - 已处理 2300 条记录
2025-07-03 23:06:55,130 - INFO - 批量更新 50 条记录成功
2025-07-03 23:06:55,131 - INFO - 处理第 47 批，共 50 条记录
2025-07-03 23:06:58,943 - INFO - 批量更新 50 条记录成功
2025-07-03 23:06:58,944 - INFO - 处理第 48 批，共 50 条记录
2025-07-03 23:06:58,949 - INFO - 已处理 2400 条记录
2025-07-03 23:07:02,112 - INFO - 批量更新 50 条记录成功
2025-07-03 23:07:02,112 - INFO - 处理第 49 批，共 50 条记录
2025-07-03 23:07:06,191 - INFO - 批量更新 50 条记录成功
2025-07-03 23:07:06,192 - INFO - 处理第 50 批，共 50 条记录
2025-07-03 23:07:06,197 - INFO - 已处理 2500 条记录
2025-07-03 23:07:10,055 - INFO - 批量更新 50 条记录成功
2025-07-03 23:07:10,055 - INFO - 处理完成！统计信息: {'total': 2500, 'processed': 2500, 'updated': 2500, 'errors': 0, 'duration_seconds': 222.423512}
2025-07-03 23:07:10,057 - INFO - 
==================================================
2025-07-03 23:07:10,057 - INFO - 处理完成！详细统计:
2025-07-03 23:07:10,057 - INFO - ==================================================
2025-07-03 23:07:10,057 - INFO - 总记录数: 2500
2025-07-03 23:07:10,058 - INFO - 成功处理: 2500
2025-07-03 23:07:10,058 - INFO - 成功更新: 2500
2025-07-03 23:07:10,058 - INFO - 错误数量: 0
2025-07-03 23:07:10,058 - INFO - 处理耗时: 222.42 秒
2025-07-03 23:07:10,058 - INFO - 总耗时: 222.43 秒
2025-07-03 23:07:10,058 - INFO - 成功率: 100.00%
2025-07-03 23:07:10,058 - INFO - 处理速度: 11.24 记录/秒
2025-07-03 23:07:10,058 - INFO - ✅ 所有记录处理成功！
2025-07-03 23:07:10,058 - INFO - 
处理任务完成！
2025-07-03 23:07:10,058 - INFO - 请检查日志文件 'jobsummary_processing.log' 获取详细信息
2025-07-04 11:39:01,068 - INFO - 智联招聘jobSummary处理器
2025-07-04 11:39:01,068 - INFO - ========================================
2025-07-04 11:39:20,651 - INFO - 
初始化处理器...
2025-07-04 11:39:20,651 - INFO - 
预览待处理数据...
2025-07-04 11:39:20,651 - INFO - 正在查询待处理数据...
2025-07-04 11:39:20,986 - INFO - 查询到 2500 条需要处理的记录
2025-07-04 11:39:20,987 - INFO - 查询结果: 共找到 2500 条待处理记录
2025-07-04 11:39:20,987 - INFO - 
前5条记录预览:
2025-07-04 11:39:20,987 - INFO - 记录 1:
2025-07-04 11:39:20,987 - INFO -   ID: 10842
2025-07-04 11:39:20,987 - INFO -   processed_info长度: 387
2025-07-04 11:39:20,987 - INFO -   processed_jobsummary长度: 101
2025-07-04 11:39:20,987 - INFO - 记录 2:
2025-07-04 11:39:20,987 - INFO -   ID: 10855
2025-07-04 11:39:20,987 - INFO -   processed_info长度: 463
2025-07-04 11:39:20,987 - INFO -   processed_jobsummary长度: 190
2025-07-04 11:39:20,987 - INFO - 记录 3:
2025-07-04 11:39:20,987 - INFO -   ID: 10859
2025-07-04 11:39:20,987 - INFO -   processed_info长度: 480
2025-07-04 11:39:20,988 - INFO -   processed_jobsummary长度: 136
2025-07-04 11:39:20,988 - INFO - 记录 4:
2025-07-04 11:39:20,988 - INFO -   ID: 10861
2025-07-04 11:39:20,988 - INFO -   processed_info长度: 461
2025-07-04 11:39:20,988 - INFO -   processed_jobsummary长度: 175
2025-07-04 11:39:20,988 - INFO - 记录 5:
2025-07-04 11:39:20,988 - INFO -   ID: 10862
2025-07-04 11:39:20,988 - INFO -   processed_info长度: 457
2025-07-04 11:39:20,988 - INFO -   processed_jobsummary长度: 149
2025-07-04 11:39:20,988 - INFO - ... 还有 2495 条记录
2025-07-04 11:39:23,864 - INFO - 开始执行数据处理...
2025-07-04 11:39:23,864 - INFO - 开始多线程处理，配置: 批次大小=50, 最大线程数=10
2025-07-04 11:39:24,276 - INFO - 查询到 2500 条需要处理的记录
2025-07-04 11:39:24,276 - INFO - 处理第 1 批，共 50 条记录
2025-07-04 11:39:24,622 - INFO - 批量更新 50 条记录成功
2025-07-04 11:39:24,623 - INFO - 处理第 2 批，共 50 条记录
2025-07-04 11:39:24,629 - INFO - 已处理 100 条记录
2025-07-04 11:39:24,951 - INFO - 批量更新 50 条记录成功
2025-07-04 11:39:24,952 - INFO - 处理第 3 批，共 50 条记录
2025-07-04 11:39:25,294 - INFO - 批量更新 50 条记录成功
2025-07-04 11:39:25,295 - INFO - 处理第 4 批，共 50 条记录
2025-07-04 11:39:25,300 - INFO - 已处理 200 条记录
2025-07-04 11:39:25,661 - INFO - 批量更新 50 条记录成功
2025-07-04 11:39:25,662 - INFO - 处理第 5 批，共 50 条记录
2025-07-04 11:39:25,983 - INFO - 批量更新 50 条记录成功
2025-07-04 11:39:25,984 - INFO - 处理第 6 批，共 50 条记录
2025-07-04 11:39:25,988 - INFO - 已处理 300 条记录
2025-07-04 11:39:26,329 - INFO - 批量更新 50 条记录成功
2025-07-04 11:39:26,330 - INFO - 处理第 7 批，共 50 条记录
2025-07-04 11:39:26,654 - INFO - 批量更新 50 条记录成功
2025-07-04 11:39:26,655 - INFO - 处理第 8 批，共 50 条记录
2025-07-04 11:39:26,670 - INFO - 已处理 400 条记录
2025-07-04 11:39:27,084 - INFO - 批量更新 50 条记录成功
2025-07-04 11:39:27,085 - INFO - 处理第 9 批，共 50 条记录
2025-07-04 11:39:27,404 - INFO - 批量更新 50 条记录成功
2025-07-04 11:39:27,405 - INFO - 处理第 10 批，共 50 条记录
2025-07-04 11:39:27,411 - INFO - 已处理 500 条记录
2025-07-04 11:39:27,707 - INFO - 批量更新 50 条记录成功
2025-07-04 11:39:27,708 - INFO - 处理第 11 批，共 50 条记录
2025-07-04 11:39:28,024 - INFO - 批量更新 50 条记录成功
2025-07-04 11:39:28,024 - INFO - 处理第 12 批，共 50 条记录
2025-07-04 11:39:28,028 - INFO - 已处理 600 条记录
2025-07-04 11:39:28,326 - INFO - 批量更新 50 条记录成功
2025-07-04 11:39:28,327 - INFO - 处理第 13 批，共 50 条记录
2025-07-04 11:39:28,694 - INFO - 批量更新 50 条记录成功
2025-07-04 11:39:28,694 - INFO - 处理第 14 批，共 50 条记录
2025-07-04 11:39:28,699 - INFO - 已处理 700 条记录
2025-07-04 11:39:29,007 - INFO - 批量更新 50 条记录成功
2025-07-04 11:39:29,008 - INFO - 处理第 15 批，共 50 条记录
2025-07-04 11:39:29,327 - INFO - 批量更新 50 条记录成功
2025-07-04 11:39:29,327 - INFO - 处理第 16 批，共 50 条记录
2025-07-04 11:39:29,334 - INFO - 已处理 800 条记录
2025-07-04 11:39:29,670 - INFO - 批量更新 50 条记录成功
2025-07-04 11:39:29,671 - INFO - 处理第 17 批，共 50 条记录
2025-07-04 11:39:29,987 - INFO - 批量更新 50 条记录成功
2025-07-04 11:39:29,987 - INFO - 处理第 18 批，共 50 条记录
2025-07-04 11:39:29,992 - INFO - 已处理 900 条记录
2025-07-04 11:39:30,335 - INFO - 批量更新 50 条记录成功
2025-07-04 11:39:30,336 - INFO - 处理第 19 批，共 50 条记录
2025-07-04 11:39:30,730 - INFO - 批量更新 50 条记录成功
2025-07-04 11:39:30,730 - INFO - 处理第 20 批，共 50 条记录
2025-07-04 11:39:30,734 - INFO - 已处理 1000 条记录
2025-07-04 11:39:31,071 - INFO - 批量更新 50 条记录成功
2025-07-04 11:39:31,071 - INFO - 处理第 21 批，共 50 条记录
2025-07-04 11:39:31,391 - INFO - 批量更新 50 条记录成功
2025-07-04 11:39:31,391 - INFO - 处理第 22 批，共 50 条记录
2025-07-04 11:39:31,397 - INFO - 已处理 1100 条记录
2025-07-04 11:39:31,714 - INFO - 批量更新 50 条记录成功
2025-07-04 11:39:31,715 - INFO - 处理第 23 批，共 50 条记录
2025-07-04 11:39:32,049 - INFO - 批量更新 50 条记录成功
2025-07-04 11:39:32,050 - INFO - 处理第 24 批，共 50 条记录
2025-07-04 11:39:32,054 - INFO - 已处理 1200 条记录
2025-07-04 11:39:32,388 - INFO - 批量更新 50 条记录成功
2025-07-04 11:39:32,389 - INFO - 处理第 25 批，共 50 条记录
2025-07-04 11:39:32,781 - INFO - 批量更新 50 条记录成功
2025-07-04 11:39:32,782 - INFO - 处理第 26 批，共 50 条记录
2025-07-04 11:39:32,787 - INFO - 已处理 1300 条记录
2025-07-04 11:39:33,121 - INFO - 批量更新 50 条记录成功
2025-07-04 11:39:33,121 - INFO - 处理第 27 批，共 50 条记录
2025-07-04 11:39:33,494 - INFO - 批量更新 50 条记录成功
2025-07-04 11:39:33,495 - INFO - 处理第 28 批，共 50 条记录
2025-07-04 11:39:33,499 - INFO - 已处理 1400 条记录
2025-07-04 11:39:33,825 - INFO - 批量更新 50 条记录成功
2025-07-04 11:39:33,825 - INFO - 处理第 29 批，共 50 条记录
2025-07-04 11:39:34,160 - INFO - 批量更新 50 条记录成功
2025-07-04 11:39:34,161 - INFO - 处理第 30 批，共 50 条记录
2025-07-04 11:39:34,165 - INFO - 已处理 1500 条记录
2025-07-04 11:39:34,486 - INFO - 批量更新 50 条记录成功
2025-07-04 11:39:34,487 - INFO - 处理第 31 批，共 50 条记录
2025-07-04 11:39:34,830 - INFO - 批量更新 50 条记录成功
2025-07-04 11:39:34,830 - INFO - 处理第 32 批，共 50 条记录
2025-07-04 11:39:34,836 - INFO - 已处理 1600 条记录
2025-07-04 11:39:35,192 - INFO - 批量更新 50 条记录成功
2025-07-04 11:39:35,192 - INFO - 处理第 33 批，共 50 条记录
2025-07-04 11:39:35,516 - INFO - 批量更新 50 条记录成功
2025-07-04 11:39:35,516 - INFO - 处理第 34 批，共 50 条记录
2025-07-04 11:39:35,521 - INFO - 已处理 1700 条记录
2025-07-04 11:39:35,861 - INFO - 批量更新 50 条记录成功
2025-07-04 11:39:35,861 - INFO - 处理第 35 批，共 50 条记录
2025-07-04 11:39:36,217 - INFO - 批量更新 50 条记录成功
2025-07-04 11:39:36,217 - INFO - 处理第 36 批，共 50 条记录
2025-07-04 11:39:36,223 - INFO - 已处理 1800 条记录
2025-07-04 11:39:36,558 - INFO - 批量更新 50 条记录成功
2025-07-04 11:39:36,558 - INFO - 处理第 37 批，共 50 条记录
2025-07-04 11:39:36,904 - INFO - 批量更新 50 条记录成功
2025-07-04 11:39:36,904 - INFO - 处理第 38 批，共 50 条记录
2025-07-04 11:39:36,910 - INFO - 已处理 1900 条记录
2025-07-04 11:39:37,275 - INFO - 批量更新 50 条记录成功
2025-07-04 11:39:37,277 - INFO - 处理第 39 批，共 50 条记录
2025-07-04 11:39:37,602 - INFO - 批量更新 50 条记录成功
2025-07-04 11:39:37,602 - INFO - 处理第 40 批，共 50 条记录
2025-07-04 11:39:37,607 - INFO - 已处理 2000 条记录
2025-07-04 11:39:37,950 - INFO - 批量更新 50 条记录成功
2025-07-04 11:39:37,950 - INFO - 处理第 41 批，共 50 条记录
2025-07-04 11:39:38,290 - INFO - 批量更新 50 条记录成功
2025-07-04 11:39:38,290 - INFO - 处理第 42 批，共 50 条记录
2025-07-04 11:39:38,297 - INFO - 已处理 2100 条记录
2025-07-04 11:39:38,603 - INFO - 批量更新 50 条记录成功
2025-07-04 11:39:38,603 - INFO - 处理第 43 批，共 50 条记录
2025-07-04 11:39:38,922 - INFO - 批量更新 50 条记录成功
2025-07-04 11:39:38,923 - INFO - 处理第 44 批，共 50 条记录
2025-07-04 11:39:38,929 - INFO - 已处理 2200 条记录
2025-07-04 11:39:39,306 - INFO - 批量更新 50 条记录成功
2025-07-04 11:39:39,306 - INFO - 处理第 45 批，共 50 条记录
2025-07-04 11:39:39,662 - INFO - 批量更新 50 条记录成功
2025-07-04 11:39:39,662 - INFO - 处理第 46 批，共 50 条记录
2025-07-04 11:39:39,667 - INFO - 已处理 2300 条记录
2025-07-04 11:39:40,035 - INFO - 批量更新 50 条记录成功
2025-07-04 11:39:40,035 - INFO - 处理第 47 批，共 50 条记录
2025-07-04 11:39:40,365 - INFO - 批量更新 50 条记录成功
2025-07-04 11:39:40,366 - INFO - 处理第 48 批，共 50 条记录
2025-07-04 11:39:40,371 - INFO - 已处理 2400 条记录
2025-07-04 11:39:40,706 - INFO - 批量更新 50 条记录成功
2025-07-04 11:39:40,707 - INFO - 处理第 49 批，共 50 条记录
2025-07-04 11:39:41,027 - INFO - 批量更新 50 条记录成功
2025-07-04 11:39:41,027 - INFO - 处理第 50 批，共 50 条记录
2025-07-04 11:39:41,032 - INFO - 已处理 2500 条记录
2025-07-04 11:39:41,341 - INFO - 批量更新 50 条记录成功
2025-07-04 11:39:41,342 - INFO - 处理完成！统计信息: {'total': 2500, 'processed': 2500, 'updated': 2500, 'errors': 0, 'duration_seconds': 17.477916}
2025-07-04 11:39:41,344 - INFO - 
==================================================
2025-07-04 11:39:41,344 - INFO - 处理完成！详细统计:
2025-07-04 11:39:41,345 - INFO - ==================================================
2025-07-04 11:39:41,345 - INFO - 总记录数: 2500
2025-07-04 11:39:41,345 - INFO - 成功处理: 2500
2025-07-04 11:39:41,345 - INFO - 成功更新: 2500
2025-07-04 11:39:41,345 - INFO - 错误数量: 0
2025-07-04 11:39:41,345 - INFO - 处理耗时: 17.48 秒
2025-07-04 11:39:41,345 - INFO - 总耗时: 17.48 秒
2025-07-04 11:39:41,345 - INFO - 成功率: 100.00%
2025-07-04 11:39:41,345 - INFO - 处理速度: 143.04 记录/秒
2025-07-04 11:39:41,345 - INFO - ✅ 所有记录处理成功！
2025-07-04 11:39:41,345 - INFO - 
处理任务完成！
2025-07-04 11:39:41,346 - INFO - 请检查日志文件 'jobsummary_processing.log' 获取详细信息
